10:29:59 [info]: 노드 서버 포트 : 8080 연결
10:34:15 [info]: 노드 서버 포트 : 8080 연결
10:34:43 [info]: ::1 - GET / HTTP/1.1 200 16 - 5.523 ms

10:34:58 [info]: 노드 서버 포트 : 8080 연결
10:35:00 [info]: ::1 - GET / HTTP/1.1 200 37 - 4.837 ms

11:05:10 [info]: 노드 서버 포트 : 8080 연결
11:05:27 [info]: ::1 - POST /v2/account HTTP/1.1 200 37 - 3.570 ms

11:06:58 [info]: 노드 서버 포트 : 8080 연결
11:07:05 [info]: 노드 서버 포트 : 8080 연결
11:07:25 [info]: 노드 서버 포트 : 8080 연결
11:07:36 [info]: 노드 서버 포트 : 8080 연결
11:08:01 [info]: 노드 서버 포트 : 8080 연결
11:08:10 [error]: POST /v2/account 라우터가 없습니다.
11:08:10 [error]: POST /v2/account 라우터가 없습니다.
11:08:10 [info]: ::1 - POST /v2/account HTTP/1.1 404 5 - 5.692 ms

11:08:14 [info]: ::1 - POST /v2/account/create HTTP/1.1 200 37 - 1.289 ms

11:09:11 [info]: 노드 서버 포트 : 8080 연결
11:12:10 [info]: 노드 서버 포트 : 8080 연결
11:12:27 [info]: 노드 서버 포트 : 8080 연결
11:13:03 [info]: 노드 서버 포트 : 8080 연결
11:13:44 [info]: 노드 서버 포트 : 8080 연결
11:13:50 [error]: chainId required
11:13:50 [info]: ::1 - POST /v2/account/create HTTP/1.1 200 30 - 1.805 ms

11:13:57 [info]: ::1 - POST /v2/account/create HTTP/1.1 200 18 - 0.863 ms

11:14:09 [info]: ::1 - POST /v2/account/create HTTP/1.1 - - - - ms

11:14:45 [info]: 노드 서버 포트 : 8080 연결
11:14:47 [error]: Unsupported chainId
11:14:47 [info]: ::1 - POST /v2/account/create HTTP/1.1 200 33 - 5.803 ms

11:24:17 [info]: 노드 서버 포트 : 8080 연결
11:26:17 [info]: 노드 서버 포트 : 8080 연결
11:26:22 [info]: 노드 서버 포트 : 8080 연결
11:26:27 [error]: Unsupported chainId
11:26:27 [info]: ::1 - POST /v2/account/create HTTP/1.1 200 33 - 1.792 ms

11:26:33 [error]: Cannot read properties of undefined (reading 'length')
11:26:33 [info]: ::1 - POST /v2/account/create HTTP/1.1 200 68 - 7.812 ms

11:26:43 [error]: Cannot read properties of undefined (reading 'length')
11:26:43 [info]: ::1 - POST /v2/account/create HTTP/1.1 200 68 - 8.136 ms

11:26:59 [info]: 노드 서버 포트 : 8080 연결
11:27:00 [error]: Cannot read properties of undefined (reading 'length')
11:27:00 [info]: ::1 - POST /v2/account/create HTTP/1.1 200 68 - 11.581 ms

11:27:36 [info]: 노드 서버 포트 : 8080 연결
11:27:37 [error]: Cannot read properties of undefined (reading 'length')
11:27:37 [info]: ::1 - POST /v2/account/create HTTP/1.1 200 68 - 11.045 ms

11:27:42 [info]: 노드 서버 포트 : 8080 연결
11:27:43 [error]: Cannot read properties of undefined (reading 'length')
11:27:43 [info]: ::1 - POST /v2/account/create HTTP/1.1 200 68 - 10.057 ms

11:27:50 [info]: 노드 서버 포트 : 8080 연결
11:28:09 [info]: 노드 서버 포트 : 8080 연결
11:28:10 [error]: Cannot read properties of undefined (reading 'length')
11:28:10 [info]: ::1 - POST /v2/account/create HTTP/1.1 200 68 - 10.135 ms

11:28:19 [info]: 노드 서버 포트 : 8080 연결
11:28:20 [error]: Cannot read properties of undefined (reading 'length')
11:28:20 [info]: ::1 - POST /v2/account/create HTTP/1.1 200 68 - 10.461 ms

11:28:24 [info]: 노드 서버 포트 : 8080 연결
11:28:44 [info]: 노드 서버 포트 : 8080 연결
11:28:45 [error]: Cannot read properties of undefined (reading 'length')
11:28:45 [info]: ::1 - POST /v2/account/create HTTP/1.1 200 68 - 11.233 ms

11:29:08 [info]: 노드 서버 포트 : 8080 연결
11:29:45 [info]: 노드 서버 포트 : 8080 연결
11:30:16 [info]: 노드 서버 포트 : 8080 연결
11:30:57 [info]: 노드 서버 포트 : 8080 연결
11:31:24 [info]: 노드 서버 포트 : 8080 연결
11:31:40 [info]: 노드 서버 포트 : 8080 연결
11:31:41 [error]: Cannot read properties of undefined (reading 'length')
11:31:41 [info]: ::1 - POST /v2/account/create HTTP/1.1 200 68 - 2.996 ms

11:32:10 [info]: 노드 서버 포트 : 8080 연결
11:32:11 [error]: Cannot read properties of undefined (reading 'length')
11:32:11 [info]: ::1 - POST /v2/account/create HTTP/1.1 200 68 - 9.404 ms

11:32:21 [info]: 노드 서버 포트 : 8080 연결
11:33:34 [info]: 노드 서버 포트 : 8080 연결
11:33:36 [info]: ::1 - POST /v2/account/create HTTP/1.1 200 232 - 194.871 ms

11:33:44 [info]: 노드 서버 포트 : 8080 연결
11:34:46 [info]: 노드 서버 포트 : 8080 연결
11:34:51 [info]: ::1 - POST /v2/account/create HTTP/1.1 200 224 - 215.554 ms

11:35:26 [info]: 노드 서버 포트 : 8080 연결
12:38:48 [info]: 노드 서버 포트 : 8080 연결
12:38:55 [info]: 노드 서버 포트 : 8080 연결
12:39:04 [info]: ::1 - POST /v2/account/create HTTP/1.1 200 230 - 243.380 ms

12:39:11 [info]: ::1 - POST /v2/account/create HTTP/1.1 200 235 - 145.778 ms

12:39:26 [info]: 노드 서버 포트 : 8080 연결
12:39:36 [info]: 노드 서버 포트 : 8080 연결
12:39:56 [info]: 노드 서버 포트 : 8080 연결
12:40:00 [info]: 노드 서버 포트 : 8080 연결
12:42:06 [info]: ::1 - POST /v2/account/create HTTP/1.1 200 219 - 221.738 ms

12:54:22 [info]: 노드 서버 포트 : 8080 연결
12:54:36 [error]: POST /v2/account/mnemonic 라우터가 없습니다.
12:54:36 [error]: POST /v2/account/mnemonic 라우터가 없습니다.
12:54:36 [info]: ::1 - POST /v2/account/mnemonic HTTP/1.1 404 5 - 8.717 ms

12:55:33 [info]: 노드 서버 포트 : 8080 연결
12:55:35 [info]: ::1 - POST /v2/account/mnemonic HTTP/1.1 200 86 - 4.523 ms

12:58:19 [info]: 노드 서버 포트 : 8080 연결
12:58:35 [info]: 노드 서버 포트 : 8080 연결
12:58:37 [info]: ::1 - POST /v2/account/mnemonic HTTP/1.1 200 94 - 5.095 ms

12:58:40 [info]: ::1 - POST /v2/account/create HTTP/1.1 200 237 - 225.369 ms

12:58:52 [info]: 노드 서버 포트 : 8080 연결
12:58:53 [info]: ::1 - POST /v2/account/create HTTP/1.1 200 231 - 229.794 ms

12:59:10 [info]: 노드 서버 포트 : 8080 연결
12:59:16 [info]: 노드 서버 포트 : 8080 연결
12:59:23 [info]: ::1 - POST /v2/account/create HTTP/1.1 200 1125 - 210.615 ms

12:59:31 [info]: 노드 서버 포트 : 8080 연결
13:00:36 [info]: 노드 서버 포트 : 8080 연결
13:00:38 [info]: ::1 - POST /v2/account/create HTTP/1.1 200 1154 - 223.816 ms

13:00:53 [info]: ::1 - POST /v2/account/create HTTP/1.1 200 226 - 141.413 ms

13:01:03 [info]: 노드 서버 포트 : 8080 연결
13:01:04 [error]: keystore is not defined
13:01:04 [info]: ::1 - POST /v2/account/create HTTP/1.1 200 37 - 224.997 ms

13:01:11 [info]: 노드 서버 포트 : 8080 연결
13:01:13 [info]: ::1 - POST /v2/account/create HTTP/1.1 200 1130 - 200.792 ms

13:02:11 [error]: Unexpected token '/', "#" is not valid JSON
13:02:16 [info]: ::1 - POST /v2/account/create HTTP/1.1 200 1158 - 150.984 ms

13:04:21 [info]: 노드 서버 포트 : 8080 연결
13:04:43 [info]: 노드 서버 포트 : 8080 연결
13:10:22 [info]: 노드 서버 포트 : 8080 연결
13:10:23 [error]: POST /v2/account/mnemonic1 라우터가 없습니다.
13:10:23 [error]: POST /v2/account/mnemonic1 라우터가 없습니다.
13:10:23 [info]: ::1 - POST /v2/account/mnemonic1 HTTP/1.1 404 5 - 5.479 ms

13:10:26 [info]: ::1 - POST /v2/account/mnemonic HTTP/1.1 200 92 - 2.942 ms

13:10:29 [error]: GET /v2/account/mnemonic 라우터가 없습니다.
13:10:29 [error]: GET /v2/account/mnemonic 라우터가 없습니다.
13:10:29 [info]: ::1 - GET /v2/account/mnemonic HTTP/1.1 404 5 - 5.689 ms

13:10:34 [info]: ::1 - POST /v2/account/mnemonic HTTP/1.1 200 97 - 1.187 ms

13:12:46 [info]: ::1 - POST /v2/account/create HTTP/1.1 200 1125 - 231.947 ms

13:13:39 [info]: 노드 서버 포트 : 8080 연결
13:13:58 [info]: 노드 서버 포트 : 8080 연결
13:14:02 [error]: Keystore: Must include seedPhrase in createVault inputs.
13:14:02 [info]: ::1 - POST /v2/account/create HTTP/1.1 200 70 - 2.534 ms

13:14:36 [info]: 노드 서버 포트 : 8080 연결
13:14:38 [info]: ::1 - POST /v2/account/create HTTP/1.1 200 1137 - 225.405 ms

13:14:44 [info]: ::1 - POST /v2/account/create HTTP/1.1 200 1137 - 156.244 ms

13:24:06 [info]: 노드 서버 포트 : 8080 연결
13:24:08 [info]: ::1 - POST /v2/account/create HTTP/1.1 200 1162 - 202.078 ms

14:16:48 [info]: 노드 서버 포트 : 8080 연결
14:17:16 [info]: ::1 - POST /v2/account/set HTTP/1.1 200 37 - 12.614 ms

14:17:22 [info]: 노드 서버 포트 : 8080 연결
14:17:24 [info]: ::1 - POST /v2/account/set HTTP/1.1 200 56 - 19.477 ms

14:18:40 [info]: 노드 서버 포트 : 8080 연결
14:19:11 [error]: Invalid keystore V3 format: 'crypto' is not defined.
14:19:11 [info]: ::1 - POST /v2/account/set HTTP/1.1 200 66 - 5.626 ms

14:23:25 [info]: 노드 서버 포트 : 8080 연결
14:23:30 [info]: ::1 - POST /v2/account/create HTTP/1.1 200 1162 - 215.774 ms

14:23:30 [info]: 노드 서버 포트 : 8080 연결
14:24:07 [info]: 노드 서버 포트 : 8080 연결
14:24:12 [info]: ::1 - POST /v2/account/create HTTP/1.1 200 1262 - 208.307 ms

14:25:07 [info]: 노드 서버 포트 : 8080 연결
14:31:18 [info]: 노드 서버 포트 : 8080 연결
14:31:25 [info]: ::1 - POST /v2/account/create HTTP/1.1 200 1162 - 210.217 ms

14:31:26 [info]: 노드 서버 포트 : 8080 연결
14:32:04 [info]: 노드 서버 포트 : 8080 연결
14:38:19 [info]: ::ffff:10.10.40.187 - GET / HTTP/1.1 200 37 - 7.048 ms

14:38:21 [error]: GET /nice%20ports%2C/Tri%6Eity.txt%2ebak 라우터가 없습니다.
14:38:21 [error]: GET /nice%20ports%2C/Tri%6Eity.txt%2ebak 라우터가 없습니다.
14:38:21 [info]: ::ffff:10.10.40.187 - GET /nice%20ports%2C/Tri%6Eity.txt%2ebak HTTP/1.0 404 5 - 6.553 ms

14:38:21 [info]: ::ffff:10.10.40.187 - GET / HTTP/1.0 200 37 - 0.427 ms

14:41:00 [info]: 노드 서버 포트 : 8080 연결
14:41:10 [info]: 노드 서버 포트 : 8080 연결
14:45:52 [info]: 노드 서버 포트 : 8080 연결
14:45:55 [error]: Cannot read properties of undefined (reading 'encryptV3')
14:45:55 [info]: ::1 - POST /v2/account/create HTTP/1.1 200 71 - 203.852 ms

14:46:10 [info]: 노드 서버 포트 : 8080 연결
14:46:12 [error]: Cannot read properties of undefined (reading 'encryptV3')
14:46:12 [info]: ::1 - POST /v2/account/create HTTP/1.1 200 71 - 205.506 ms

14:46:40 [info]: 노드 서버 포트 : 8080 연결
14:46:42 [error]: Cannot read properties of undefined (reading 'encrypt')
14:46:42 [info]: ::1 - POST /v2/account/create HTTP/1.1 200 69 - 225.314 ms

14:47:16 [info]: 노드 서버 포트 : 8080 연결
14:47:19 [info]: ::1 - POST /v2/account/create HTTP/1.1 200 762 - 233.158 ms

14:51:05 [info]: ::ffff:10.10.40.187 - GET / HTTP/1.1 200 37 - 5.950 ms

14:51:05 [error]: GET /nice%20ports%2C/Tri%6Eity.txt%2ebak 라우터가 없습니다.
14:51:05 [error]: GET /nice%20ports%2C/Tri%6Eity.txt%2ebak 라우터가 없습니다.
14:51:05 [info]: ::ffff:10.10.40.187 - GET /nice%20ports%2C/Tri%6Eity.txt%2ebak HTTP/1.0 404 5 - 5.801 ms

14:51:05 [info]: ::ffff:10.10.40.187 - GET / HTTP/1.0 200 37 - 0.600 ms

15:05:02 [info]: 노드 서버 포트 : 8080 연결
15:07:13 [info]: 노드 서버 포트 : 8080 연결
15:07:48 [info]: ::1 - POST /v2/account/set HTTP/1.1 200 267 - 46.441 ms

15:07:52 [error]: Key derivation failed - possibly wrong password
15:07:52 [info]: ::1 - POST /v2/account/set HTTP/1.1 200 61 - 48.378 ms

15:08:04 [info]: ::1 - POST /v2/account/set HTTP/1.1 200 267 - 56.292 ms

15:08:46 [info]: 노드 서버 포트 : 8080 연결
15:08:47 [info]: ::1 - POST /v2/account/set HTTP/1.1 200 138 - 43.586 ms

15:09:21 [info]: ::1 - POST /v2/account/set HTTP/1.1 200 138 - 31.587 ms

15:09:24 [info]: ::1 - POST /v2/account/set HTTP/1.1 200 138 - 59.436 ms

15:09:27 [info]: ::1 - POST /v2/account/set HTTP/1.1 200 138 - 10.721 ms

15:10:58 [info]: ::1 - POST /v2/account/set HTTP/1.1 200 138 - 53.384 ms

15:17:10 [info]: 노드 서버 포트 : 8080 연결
15:17:11 [info]: ::1 - POST /v2/account/set HTTP/1.1 200 283 - 61.723 ms

15:18:01 [info]: ::1 - POST /v2/account/set HTTP/1.1 200 283 - 19.726 ms

15:18:04 [info]: ::1 - POST /v2/account/set HTTP/1.1 200 283 - 57.260 ms

15:18:21 [error]: Invalid private key(f764a1780dda07c3b92a4688501397653435da846af002a6c97b94237400606)
15:18:21 [info]: ::1 - POST /v2/account/set HTTP/1.1 200 98 - 1.011 ms

15:18:39 [error]: Invalid private key(2)
15:18:39 [info]: ::1 - POST /v2/account/set HTTP/1.1 200 36 - 0.749 ms

15:18:58 [error]: Key derivation failed - possibly wrong password
15:18:58 [info]: ::1 - POST /v2/account/set HTTP/1.1 200 61 - 52.120 ms

15:19:03 [info]: ::1 - POST /v2/account/set HTTP/1.1 200 283 - 53.576 ms

15:19:13 [info]: ::1 - POST /v2/account/set HTTP/1.1 200 283 - 59.061 ms

15:19:15 [info]: ::1 - POST /v2/account/set HTTP/1.1 200 283 - 49.408 ms

15:19:16 [info]: ::1 - POST /v2/account/set HTTP/1.1 200 283 - 53.349 ms

15:19:19 [info]: ::1 - POST /v2/account/set HTTP/1.1 200 283 - 53.146 ms

15:19:27 [error]: Invalid address : 0x2dee005b923e510b129c0544b4d52b182e377
15:19:27 [info]: ::1 - POST /v2/account/set HTTP/1.1 200 71 - 52.330 ms

15:19:45 [info]: 노드 서버 포트 : 8080 연결
15:19:56 [info]: 노드 서버 포트 : 8080 연결
15:19:58 [info]: ::1 - POST /v2/account/set HTTP/1.1 200 283 - 64.790 ms

15:20:09 [info]: 노드 서버 포트 : 8080 연결
15:21:15 [info]: 노드 서버 포트 : 8080 연결
15:22:00 [info]: 노드 서버 포트 : 8080 연결
15:22:04 [info]: isValidPrivateKey true
15:22:04 [info]: ::1 - POST /v2/account/set HTTP/1.1 200 138 - 51.396 ms

15:22:44 [info]: 노드 서버 포트 : 8080 연결
15:22:45 [info]: isValidPrivateKey true
15:22:45 [info]: ::1 - POST /v2/account/set HTTP/1.1 200 138 - 63.603 ms

15:23:05 [info]: 노드 서버 포트 : 8080 연결
15:23:06 [info]: isValidPrivateKey true
15:23:06 [info]: ::1 - POST /v2/account/set HTTP/1.1 200 283 - 63.234 ms

15:25:05 [error]: Key derivation failed - possibly wrong password
15:25:05 [info]: ::1 - POST /v2/account/set HTTP/1.1 200 61 - 53.339 ms

15:25:44 [info]: isValidPrivateKey true
15:25:44 [info]: ::1 - POST /v2/account/set HTTP/1.1 200 283 - 53.299 ms

15:25:48 [info]: ::1 - POST /v2/account/create HTTP/1.1 200 762 - 251.735 ms

15:28:35 [info]: 노드 서버 포트 : 8080 연결
15:56:02 [info]: 노드 서버 포트 : 8080 연결
15:56:18 [info]: 노드 서버 포트 : 8080 연결
15:56:18 [info]: 노드 서버 포트 : 8080 연결
15:57:21 [info]: 노드 서버 포트 : 8080 연결
15:57:22 [info]: 노드 서버 포트 : 8080 연결
15:57:38 [info]: 노드 서버 포트 : 8080 연결
15:58:20 [info]: 노드 서버 포트 : 8080 연결
15:59:28 [info]: 노드 서버 포트 : 8080 연결
15:59:41 [info]: ::1 - POST /v2/tx/value HTTP/1.1 200 16 - 3.467 ms

16:00:26 [info]: 노드 서버 포트 : 8080 연결
16:05:00 [info]: 노드 서버 포트 : 8080 연결
16:07:07 [info]: 노드 서버 포트 : 8080 연결
16:07:46 [info]: ::1 - POST /v2/tx/value HTTP/1.1 200 1124 - 19.215 ms

16:07:52 [info]: 노드 서버 포트 : 8080 연결
16:07:55 [info]: ::1 - POST /v2/tx/value HTTP/1.1 200 1124 - 6.224 ms

16:08:52 [info]: 노드 서버 포트 : 8080 연결
16:08:56 [error]: Returned error: invalid argument 0: json: cannot unmarshal string into Go value of type api.CallArgs
16:08:56 [info]: ::1 - POST /v2/tx/value HTTP/1.1 200 114 - 98.150 ms

16:09:02 [info]: 노드 서버 포트 : 8080 연결
16:09:04 [error]: Returned error: invalid argument 0: json: cannot unmarshal string into Go value of type api.CallArgs
16:09:04 [info]: ::1 - POST /v2/tx/value HTTP/1.1 200 114 - 67.727 ms

16:09:26 [info]: 노드 서버 포트 : 8080 연결
16:09:31 [info]: 노드 서버 포트 : 8080 연결
16:09:33 [info]: ::1 - POST /v2/tx/value HTTP/1.1 200 1137 - 56.414 ms

16:11:11 [info]: 노드 서버 포트 : 8080 연결
16:11:15 [info]: 노드 서버 포트 : 8080 연결
16:11:17 [info]: ::1 - POST /v2/tx/value HTTP/1.1 200 1009 - 88.631 ms

16:11:25 [info]: ::1 - POST /v2/tx/value HTTP/1.1 200 1009 - 26.928 ms

16:11:44 [info]: 노드 서버 포트 : 8080 연결
16:11:55 [info]: ::1 - POST /v2/tx/value HTTP/1.1 200 881 - 94.482 ms

16:11:56 [info]: ::1 - POST /v2/tx/value HTTP/1.1 200 881 - 18.030 ms

16:11:57 [info]: ::1 - POST /v2/tx/value HTTP/1.1 200 881 - 12.151 ms

16:11:58 [info]: ::1 - POST /v2/tx/value HTTP/1.1 200 881 - 13.226 ms

16:17:47 [info]: 노드 서버 포트 : 8080 연결
16:20:01 [info]: 노드 서버 포트 : 8080 연결
16:22:56 [info]: 노드 서버 포트 : 8080 연결
16:24:18 [info]: 노드 서버 포트 : 8080 연결
16:27:39 [info]: 노드 서버 포트 : 8080 연결
16:28:15 [info]: 노드 서버 포트 : 8080 연결
16:31:27 [info]: 노드 서버 포트 : 8080 연결
16:32:36 [info]: 노드 서버 포트 : 8080 연결
16:33:06 [error]: chainId required
16:33:06 [info]: ::1 - POST /v2/tx/value HTTP/1.1 200 30 - 1.761 ms

16:33:20 [error]: "to" is missing
16:33:20 [error]: "to" is missing
16:33:20 [info]: ::1 - POST /v2/tx/value HTTP/1.1 200 31 - 32.901 ms

16:33:39 [error]: Account exists with 0xadc565bb88aa72aa14b98cb6196f216900614b3c
16:33:39 [error]: Account exists with 0xadc565bb88aa72aa14b98cb6196f216900614b3c
16:33:39 [info]: ::1 - POST /v2/tx/value HTTP/1.1 200 76 - 19.846 ms

16:33:53 [info]: 노드 서버 포트 : 8080 연결
16:33:57 [info]: 노드 서버 포트 : 8080 연결
16:34:02 [info]: ::1 - POST /v2/tx/value HTTP/1.1 200 1340 - 3163.343 ms

16:34:39 [info]: 노드 서버 포트 : 8080 연결
16:34:44 [info]: ::1 - POST /v2/tx/value HTTP/1.1 200 1340 - 2115.413 ms

16:34:55 [info]: 노드 서버 포트 : 8080 연결
16:35:34 [info]: 노드 서버 포트 : 8080 연결
16:35:43 [info]: 노드 서버 포트 : 8080 연결
16:37:16 [info]: 노드 서버 포트 : 8080 연결
16:39:14 [info]: 노드 서버 포트 : 8080 연결
16:40:12 [info]: 노드 서버 포트 : 8080 연결
16:43:33 [info]: 노드 서버 포트 : 8080 연결
16:44:37 [info]: isValidPrivateKey true
16:44:37 [info]: isValidAddress true
16:44:37 [info]: isValidAddress true
16:44:37 [error]: provider is not a function
16:44:37 [error]: provider is not a function
16:44:37 [info]: ::1 - POST /v2/tx/value HTTP/1.1 200 40 - 16.714 ms

16:44:58 [info]: 노드 서버 포트 : 8080 연결
16:45:03 [info]: isValidPrivateKey true
16:45:03 [info]: isValidAddress true
16:45:03 [info]: isValidAddress true
16:45:03 [error]: provider is not a function
16:45:03 [error]: provider is not a function
16:45:03 [info]: ::1 - POST /v2/tx/value HTTP/1.1 200 40 - 17.222 ms

16:45:34 [info]: 노드 서버 포트 : 8080 연결
16:45:37 [info]: isValidPrivateKey true
16:45:37 [info]: isValidAddress true
16:45:37 [info]: isValidAddress true
16:45:39 [info]: ::1 - POST /v2/tx/value HTTP/1.1 200 1340 - 2209.047 ms

16:47:14 [info]: isValidPrivateKey true
16:47:14 [info]: isValidAddress true
16:47:14 [info]: isValidAddress true
16:47:14 [error]: Returned error: insufficient funds of the sender for value 
16:47:14 [error]: Returned error: insufficient funds of the sender for value 
16:47:14 [info]: ::1 - POST /v2/tx/value HTTP/1.1 200 73 - 386.572 ms

16:47:22 [info]: isValidPrivateKey true
16:47:22 [info]: isValidAddress true
16:47:22 [info]: isValidAddress true
16:47:23 [error]: Returned error: insufficient funds of the sender for value 
16:47:23 [error]: Returned error: insufficient funds of the sender for value 
16:47:23 [info]: ::1 - POST /v2/tx/value HTTP/1.1 200 73 - 88.448 ms

16:47:25 [info]: isValidPrivateKey true
16:47:25 [info]: isValidAddress true
16:47:25 [info]: isValidAddress true
16:47:25 [error]: Returned error: insufficient funds of the sender for value 
16:47:25 [error]: Returned error: insufficient funds of the sender for value 
16:47:25 [info]: ::1 - POST /v2/tx/value HTTP/1.1 200 73 - 49.886 ms

16:47:26 [info]: isValidPrivateKey true
16:47:26 [info]: isValidAddress true
16:47:26 [info]: isValidAddress true
16:47:26 [error]: Returned error: insufficient funds of the sender for value 
16:47:26 [error]: Returned error: insufficient funds of the sender for value 
16:47:26 [info]: ::1 - POST /v2/tx/value HTTP/1.1 200 73 - 42.140 ms

16:47:32 [info]: 노드 서버 포트 : 8080 연결
16:48:06 [info]: 노드 서버 포트 : 8080 연결
16:48:08 [info]: isValidPrivateKey true
16:48:08 [info]: isValidAddress true
16:48:08 [info]: isValidAddress true
16:48:08 [error]: Returned error: insufficient funds of the sender for value 
16:48:08 [error]: Returned error: insufficient funds of the sender for value 
16:48:08 [info]: ::1 - POST /v2/tx/value HTTP/1.1 200 73 - 108.235 ms

16:48:09 [info]: isValidPrivateKey true
16:48:09 [info]: isValidAddress true
16:48:09 [info]: isValidAddress true
16:48:09 [error]: Returned error: insufficient funds of the sender for value 
16:48:09 [error]: Returned error: insufficient funds of the sender for value 
16:48:09 [info]: ::1 - POST /v2/tx/value HTTP/1.1 200 73 - 67.597 ms

16:48:20 [info]: 노드 서버 포트 : 8080 연결
16:48:22 [info]: isValidPrivateKey true
16:48:22 [info]: isValidAddress true
16:48:22 [info]: isValidAddress true
16:48:22 [error]: Returned error: insufficient funds of the sender for value 
16:48:22 [error]: Returned error: insufficient funds of the sender for value 
16:48:22 [info]: ::1 - POST /v2/tx/value HTTP/1.1 200 73 - 151.394 ms

16:48:31 [info]: 노드 서버 포트 : 8080 연결
16:48:38 [info]: isValidPrivateKey true
16:48:38 [info]: isValidAddress true
16:48:38 [info]: isValidAddress true
16:48:38 [error]: Returned error: insufficient funds of the sender for value 
16:48:38 [error]: Returned error: insufficient funds of the sender for value 
16:48:38 [info]: ::1 - POST /v2/tx/value HTTP/1.1 200 73 - 123.618 ms

16:48:45 [info]: 노드 서버 포트 : 8080 연결
16:48:46 [info]: isValidPrivateKey true
16:48:46 [info]: isValidAddress true
16:48:46 [info]: isValidAddress true
16:48:47 [info]: 0.88425
16:48:47 [error]: Returned error: insufficient funds of the sender for value 
16:48:47 [error]: Returned error: insufficient funds of the sender for value 
16:48:47 [info]: ::1 - POST /v2/tx/value HTTP/1.1 200 73 - 152.955 ms

16:59:44 [info]: 노드 서버 포트 : 8080 연결
17:00:15 [info]: 노드 서버 포트 : 8080 연결
17:00:20 [info]: ::1 - GET /v2/tx/value HTTP/1.1 200 16 - 1.920 ms

17:05:22 [info]: 노드 서버 포트 : 8080 연결
17:11:04 [info]: 노드 서버 포트 : 8080 연결
17:11:37 [error]: chainId required
17:11:37 [info]: ::1 - GET /v2/tx/value HTTP/1.1 200 30 - 8.298 ms

17:11:51 [info]: isValidAddress false
17:11:51 [error]: Invalid Addressundefined
17:11:51 [error]: Invalid address
17:11:51 [info]: ::1 - GET /v2/tx/value HTTP/1.1 200 29 - 4.433 ms

17:12:06 [info]: isValidAddress true
17:12:06 [info]: ::1 - GET /v2/tx/value HTTP/1.1 200 16 - 4.781 ms

17:12:42 [info]: 노드 서버 포트 : 8080 연결
17:12:44 [info]: isValidAddress true
17:12:44 [error]: Cannot set headers after they are sent to the client
17:12:55 [info]: 노드 서버 포트 : 8080 연결
17:12:55 [info]: isValidAddress true
17:12:55 [info]: ::1 - GET /v2/tx/value HTTP/1.1 200 31 - 52.516 ms

17:13:46 [info]: 노드 서버 포트 : 8080 연결
17:13:52 [info]: 노드 서버 포트 : 8080 연결
17:13:59 [info]: isValidAddress true
17:13:59 [info]: ::1 - GET /v2/tx/value HTTP/1.1 200 31 - 111.320 ms

17:14:05 [info]: isValidAddress true
17:14:05 [info]: ::1 - GET /v2/tx/value HTTP/1.1 200 27 - 83.134 ms

17:14:07 [info]: isValidAddress true
17:14:07 [info]: ::1 - GET /v2/tx/value HTTP/1.1 200 31 - 32.121 ms

17:15:12 [info]: 노드 서버 포트 : 8080 연결
17:19:09 [info]: isValidAddress true
17:19:09 [info]: ::1 - GET /v2/tx/value HTTP/1.1 200 27 - 302.910 ms

17:21:38 [info]: 노드 서버 포트 : 8080 연결
17:21:44 [info]: isValidAddress true
17:21:45 [info]: ::1 - GET /v2/tx/value HTTP/1.1 200 31 - 90.835 ms

17:21:48 [info]: isValidAddress false
17:21:48 [error]: Invalid Address0xadc565Bb88aA72aa14b98Cb6196f216900614b3cs
17:21:48 [error]: Invalid address
17:21:48 [info]: ::1 - GET /v2/tx/value HTTP/1.1 400 29 - 3.604 ms

17:22:26 [info]: 노드 서버 포트 : 8080 연결
17:22:26 [info]: isValidAddress false
17:22:26 [error]: Invalid Address0xadc565Bb88aA72aa14b98Cb6196f216900614b3cs
17:22:26 [error]: Invalid address
17:22:26 [info]: ::1 - GET /v2/tx/value HTTP/1.1 401 29 - 2.909 ms

17:22:33 [info]: 노드 서버 포트 : 8080 연결
17:22:34 [info]: isValidAddress false
17:22:34 [error]: Invalid Address0xadc565Bb88aA72aa14b98Cb6196f216900614b3cs
17:22:34 [error]: Invalid address
17:22:34 [info]: ::1 - GET /v2/tx/value HTTP/1.1 402 29 - 2.522 ms

17:22:39 [info]: 노드 서버 포트 : 8080 연결
17:22:40 [info]: isValidAddress false
17:22:40 [error]: Invalid Address0xadc565Bb88aA72aa14b98Cb6196f216900614b3cs
17:22:40 [error]: Invalid address
17:22:40 [info]: ::1 - GET /v2/tx/value HTTP/1.1 403 29 - 2.622 ms

17:22:45 [info]: 노드 서버 포트 : 8080 연결
17:22:47 [info]: isValidAddress false
17:22:47 [error]: Invalid Address0xadc565Bb88aA72aa14b98Cb6196f216900614b3cs
17:22:47 [error]: Invalid address
17:22:47 [info]: ::1 - GET /v2/tx/value HTTP/1.1 400 29 - 5.950 ms

17:23:35 [info]: isValidAddress true
17:23:35 [info]: ::1 - GET /v2/tx/value HTTP/1.1 200 31 - 105.772 ms

17:23:52 [info]: 노드 서버 포트 : 8080 연결
17:23:55 [info]: isValidAddress false
17:23:55 [error]: Invalid Address0xadc565Bb88aA72aa14b98Cb6196f216900614b3cs
17:23:55 [error]: Invalid address
17:23:55 [info]: ::1 - GET /v2/tx/value HTTP/1.1 200 29 - 3.908 ms

17:24:04 [info]: 노드 서버 포트 : 8080 연결
17:24:05 [info]: isValidAddress true
17:24:06 [info]: ::1 - GET /v2/tx/value HTTP/1.1 200 31 - 115.870 ms

17:24:09 [info]: isValidAddress false
17:24:09 [error]: Invalid Address0xadc565Bb88aA72aa14b98Cb6196f216900614b3cs
17:24:09 [error]: Invalid address
17:24:09 [info]: ::1 - GET /v2/tx/value HTTP/1.1 400 29 - 3.811 ms

17:24:22 [info]: 노드 서버 포트 : 8080 연결
17:24:23 [info]: isValidAddress false
17:24:23 [error]: Invalid Address0xadc565Bb88aA72aa14b98Cb6196f216900614b3cs
17:24:23 [error]: Invalid address
17:24:23 [info]: ::1 - GET /v2/tx/value HTTP/1.1 401 29 - 2.502 ms

17:24:43 [error]: chainId required
17:24:43 [info]: ::1 - GET /v2/tx/value HTTP/1.1 200 30 - 2.448 ms

17:25:35 [info]: 노드 서버 포트 : 8080 연결
17:25:37 [error]: chainId required
17:25:37 [info]: ::1 - GET /v2/tx/value HTTP/1.1 403 30 - 5.070 ms

17:25:40 [info]: isValidAddress false
17:25:40 [error]: Invalid Address0xadc565Bb88aA72aa14b98Cb6196f216900614b3cs
17:25:40 [error]: Invalid address
17:25:40 [info]: ::1 - GET /v2/tx/value HTTP/1.1 401 29 - 6.836 ms

17:25:44 [info]: 노드 서버 포트 : 8080 연결
17:25:48 [info]: 노드 서버 포트 : 8080 연결
17:25:49 [info]: isValidAddress false
17:25:49 [error]: Invalid Address0xadc565Bb88aA72aa14b98Cb6196f216900614b3cs
17:25:49 [error]: Invalid address
17:25:49 [info]: ::1 - GET /v2/tx/value HTTP/1.1 404 29 - 4.369 ms

17:25:57 [info]: 노드 서버 포트 : 8080 연결
17:25:58 [info]: isValidAddress false
17:25:58 [error]: Invalid Address0xadc565Bb88aA72aa14b98Cb6196f216900614b3cs
17:25:58 [error]: Invalid address
17:25:58 [info]: ::1 - GET /v2/tx/value HTTP/1.1 405 29 - 4.095 ms

17:26:05 [info]: 노드 서버 포트 : 8080 연결
17:26:05 [info]: isValidAddress false
17:26:05 [error]: Invalid Address0xadc565Bb88aA72aa14b98Cb6196f216900614b3cs
17:26:05 [error]: Invalid address
17:26:05 [info]: ::1 - GET /v2/tx/value HTTP/1.1 406 29 - 2.880 ms

17:26:11 [info]: 노드 서버 포트 : 8080 연결
17:26:12 [info]: isValidAddress false
17:26:12 [error]: Invalid Address0xadc565Bb88aA72aa14b98Cb6196f216900614b3cs
17:26:12 [error]: Invalid address
17:26:12 [info]: ::1 - GET /v2/tx/value HTTP/1.1 407 29 - 5.558 ms

17:26:18 [info]: 노드 서버 포트 : 8080 연결
17:26:20 [info]: isValidAddress false
17:26:20 [error]: Invalid Address0xadc565Bb88aA72aa14b98Cb6196f216900614b3cs
17:26:20 [error]: Invalid address
17:26:20 [info]: ::1 - GET /v2/tx/value HTTP/1.1 400 29 - 5.791 ms

17:26:26 [info]: isValidAddress true
17:26:26 [info]: ::1 - GET /v2/tx/value HTTP/1.1 200 31 - 135.152 ms

17:29:45 [info]: isValidAddress false
17:29:45 [error]: Invalid Address0xadc565Bb88aA72aa14b98Cb6196f216900614b3cㅁ
17:29:45 [error]: Invalid address
17:29:45 [info]: ::1 - GET /v2/tx/value HTTP/1.1 400 29 - 2.892 ms

17:30:01 [info]: 노드 서버 포트 : 8080 연결
17:30:02 [info]: isValidAddress false
17:30:02 [error]: Invalid Address0xadc565Bb88aA72aa14b98Cb6196f216900614b3cㅁ
17:30:02 [error]: Invalid address
17:30:02 [info]: ::1 - GET /v2/tx/value HTTP/1.1 402 29 - 2.520 ms

17:30:06 [info]: 노드 서버 포트 : 8080 연결
17:30:06 [info]: isValidAddress false
17:30:06 [error]: Invalid Address0xadc565Bb88aA72aa14b98Cb6196f216900614b3cㅁ
17:30:06 [error]: Invalid address
17:30:06 [info]: ::1 - GET /v2/tx/value HTTP/1.1 401 29 - 2.377 ms

17:30:12 [info]: 노드 서버 포트 : 8080 연결
17:30:12 [info]: isValidAddress false
17:30:12 [error]: Invalid Address0xadc565Bb88aA72aa14b98Cb6196f216900614b3cㅁ
17:30:12 [error]: Invalid address
17:30:12 [info]: ::1 - GET /v2/tx/value HTTP/1.1 410 29 - 2.963 ms

17:30:17 [info]: 노드 서버 포트 : 8080 연결
17:30:18 [info]: isValidAddress false
17:30:18 [error]: Invalid Address0xadc565Bb88aA72aa14b98Cb6196f216900614b3cㅁ
17:30:18 [error]: Invalid address
17:30:18 [info]: ::1 - GET /v2/tx/value HTTP/1.1 409 29 - 8.314 ms

17:30:23 [info]: 노드 서버 포트 : 8080 연결
17:30:24 [info]: isValidAddress false
17:30:24 [error]: Invalid Address0xadc565Bb88aA72aa14b98Cb6196f216900614b3cㅁ
17:30:24 [error]: Invalid address
17:30:24 [info]: ::1 - GET /v2/tx/value HTTP/1.1 408 29 - 3.155 ms

17:30:30 [info]: 노드 서버 포트 : 8080 연결
17:30:31 [info]: isValidAddress false
17:30:31 [error]: Invalid Address0xadc565Bb88aA72aa14b98Cb6196f216900614b3cㅁ
17:30:31 [error]: Invalid address
17:30:31 [info]: ::1 - GET /v2/tx/value HTTP/1.1 407 29 - 3.211 ms

17:30:36 [info]: 노드 서버 포트 : 8080 연결
17:30:36 [info]: isValidAddress false
17:30:36 [error]: Invalid Address0xadc565Bb88aA72aa14b98Cb6196f216900614b3cㅁ
17:30:36 [error]: Invalid address
17:30:37 [info]: ::1 - GET /v2/tx/value HTTP/1.1 406 29 - 3.342 ms

17:30:42 [info]: 노드 서버 포트 : 8080 연결
17:30:42 [info]: isValidAddress false
17:30:42 [error]: Invalid Address0xadc565Bb88aA72aa14b98Cb6196f216900614b3cㅁ
17:30:42 [error]: Invalid address
17:30:42 [info]: ::1 - GET /v2/tx/value HTTP/1.1 405 29 - 4.507 ms

17:35:48 [info]: isValidPrivateKey true
17:35:48 [info]: ::1 - POST /v2/account/set HTTP/1.1 200 283 - 33.822 ms

17:35:51 [info]: isValidPrivateKey false
17:35:51 [error]: Invalid PrivateKey 0xf764a1780dda07c3b92a4688501397653435da846af002a6c97b94237400606bs
17:35:51 [error]: Invalid privateKey
17:35:51 [info]: ::1 - POST /v2/account/set HTTP/1.1 200 32 - 2.080 ms

17:49:47 [info]: 노드 서버 포트 : 8080 연결
17:49:59 [info]: 노드 서버 포트 : 8080 연결
17:50:07 [info]: isValidAddress true
17:50:07 [info]: ::1 - GET /v2/tx/value HTTP/1.1 200 31 - 89.362 ms

17:50:11 [info]: isValidAddress false
17:50:11 [error]: Invalid Address0xadc565Bb88aA72aa14b98Cb6196f216900614b3cs
17:50:11 [error]: Invalid address
17:50:11 [info]: ::1 - GET /v2/tx/value HTTP/1.1 405 29 - 2.953 ms

17:50:25 [info]: 노드 서버 포트 : 8080 연결
17:52:02 [info]: 노드 서버 포트 : 8080 연결
17:52:04 [info]: isValidAddress false
17:52:04 [error]: Invalid Address0xadc565Bb88aA72aa14b98Cb6196f216900614b3cs
17:52:04 [error]: Invalid address
17:52:04 [info]: ::1 - GET /v2/tx/value HTTP/1.1 405 29 - 2.405 ms

17:52:12 [info]: 노드 서버 포트 : 8080 연결
17:52:13 [info]: isValidAddress false
17:52:13 [error]: Invalid Address0xadc565Bb88aA72aa14b98Cb6196f216900614b3cs
17:52:13 [error]: Invalid address
17:52:13 [info]: ::1 - GET /v2/tx/value HTTP/1.1 404 29 - 6.677 ms

17:52:22 [info]: 노드 서버 포트 : 8080 연결
17:52:22 [info]: isValidAddress false
17:52:22 [error]: Invalid Address0xadc565Bb88aA72aa14b98Cb6196f216900614b3cs
17:52:22 [error]: Invalid address
17:52:22 [info]: ::1 - GET /v2/tx/value HTTP/1.1 444 29 - 4.846 ms

17:52:27 [info]: 노드 서버 포트 : 8080 연결
17:52:27 [info]: isValidAddress false
17:52:27 [error]: Invalid Address0xadc565Bb88aA72aa14b98Cb6196f216900614b3cs
17:52:27 [error]: Invalid address
17:52:27 [info]: ::1 - GET /v2/tx/value HTTP/1.1 443 29 - 4.787 ms

17:52:32 [info]: 노드 서버 포트 : 8080 연결
17:52:33 [info]: isValidAddress false
17:52:33 [error]: Invalid Address0xadc565Bb88aA72aa14b98Cb6196f216900614b3cs
17:52:33 [error]: Invalid address
17:52:33 [info]: ::1 - GET /v2/tx/value HTTP/1.1 414 29 - 2.516 ms

17:52:39 [info]: 노드 서버 포트 : 8080 연결
17:52:40 [info]: isValidAddress false
17:52:40 [error]: Invalid Address0xadc565Bb88aA72aa14b98Cb6196f216900614b3cs
17:52:40 [error]: Invalid address
17:52:40 [info]: ::1 - GET /v2/tx/value HTTP/1.1 411 29 - 3.067 ms

17:52:46 [info]: 노드 서버 포트 : 8080 연결
17:52:46 [info]: isValidAddress false
17:52:46 [error]: Invalid Address0xadc565Bb88aA72aa14b98Cb6196f216900614b3cs
17:52:46 [error]: Invalid address
17:52:46 [info]: ::1 - GET /v2/tx/value HTTP/1.1 412 29 - 6.760 ms

17:52:53 [info]: 노드 서버 포트 : 8080 연결
17:52:53 [info]: isValidAddress false
17:52:53 [error]: Invalid Address0xadc565Bb88aA72aa14b98Cb6196f216900614b3cs
17:52:53 [error]: Invalid address
17:52:53 [info]: ::1 - GET /v2/tx/value HTTP/1.1 413 29 - 5.382 ms

17:52:58 [info]: 노드 서버 포트 : 8080 연결
17:52:59 [info]: isValidAddress false
17:52:59 [error]: Invalid Address0xadc565Bb88aA72aa14b98Cb6196f216900614b3cs
17:52:59 [error]: Invalid address
17:52:59 [info]: ::1 - GET /v2/tx/value HTTP/1.1 414 29 - 2.994 ms

17:53:04 [info]: 노드 서버 포트 : 8080 연결
17:53:05 [info]: isValidAddress false
17:53:09 [info]: 노드 서버 포트 : 8080 연결
17:53:10 [info]: isValidAddress false
17:53:10 [error]: Invalid Address0xadc565Bb88aA72aa14b98Cb6196f216900614b3cs
17:53:10 [error]: Invalid address
17:53:10 [info]: ::1 - GET /v2/tx/value HTTP/1.1 409 29 - 6.179 ms

17:53:15 [info]: 노드 서버 포트 : 8080 연결
17:53:16 [info]: isValidAddress false
17:53:16 [error]: Invalid Address0xadc565Bb88aA72aa14b98Cb6196f216900614b3cs
17:53:16 [error]: Invalid address
17:53:16 [info]: ::1 - GET /v2/tx/value HTTP/1.1 408 29 - 2.511 ms

17:53:20 [info]: 노드 서버 포트 : 8080 연결
17:53:21 [info]: isValidAddress false
17:53:21 [error]: Invalid Address0xadc565Bb88aA72aa14b98Cb6196f216900614b3cs
17:53:21 [error]: Invalid address
17:53:21 [info]: ::1 - GET /v2/tx/value HTTP/1.1 407 29 - 5.090 ms

17:53:26 [info]: 노드 서버 포트 : 8080 연결
17:53:27 [info]: isValidAddress false
17:53:27 [error]: Invalid Address0xadc565Bb88aA72aa14b98Cb6196f216900614b3cs
17:53:27 [error]: Invalid address
17:53:27 [info]: ::1 - GET /v2/tx/value HTTP/1.1 406 29 - 7.594 ms

17:53:32 [info]: 노드 서버 포트 : 8080 연결
17:53:33 [info]: isValidAddress false
17:53:33 [error]: Invalid Address0xadc565Bb88aA72aa14b98Cb6196f216900614b3cs
17:53:33 [error]: Invalid address
17:53:33 [info]: ::1 - GET /v2/tx/value HTTP/1.1 405 29 - 4.138 ms

17:53:38 [info]: 노드 서버 포트 : 8080 연결
17:53:53 [info]: 노드 서버 포트 : 8080 연결
