08:40:12 [info]: 노드 서버 포트 : 8080 연결
08:40:22 [info]: isValidAddress false
08:40:22 [error]: Invalid Address0xadc565Bb88aA72aa14b98Cb6196f216900614b3cs
08:40:22 [error]: Invalid address
08:40:22 [info]: ::1 - GET /v2/tx/value HTTP/1.1 400 29 - 5.864 ms

08:40:27 [info]: isValidAddress true
08:40:27 [info]: ::1 - GET /v2/tx/value HTTP/1.1 200 31 - 118.394 ms

08:40:42 [info]: ::1 - POST /v2/tx/estimate HTTP/1.1 200 16 - 1.063 ms

08:40:53 [info]: 노드 서버 포트 : 8080 연결
08:40:55 [info]: ::1 - POST /v2/tx/estimategas HTTP/1.1 200 16 - 3.502 ms

08:41:00 [info]: ::1 - POST /v2/tx/estimateGas HTTP/1.1 200 16 - 0.773 ms

08:41:06 [info]: 노드 서버 포트 : 8080 연결
08:41:14 [info]: ::1 - POST /v2/tx/estimate HTTP/1.1 200 16 - 1.464 ms

08:41:34 [info]: 노드 서버 포트 : 8080 연결
08:42:20 [info]: 노드 서버 포트 : 8080 연결
08:43:18 [info]: 노드 서버 포트 : 8080 연결
08:43:30 [info]: 노드 서버 포트 : 8080 연결
08:43:36 [info]: 노드 서버 포트 : 8080 연결
08:44:06 [info]: ::1 - POST /v2/account/create HTTP/1.1 200 762 - 266.835 ms

08:44:27 [error]: caver is not defined
08:44:27 [error]: caver is not defined
08:44:27 [info]: ::1 - POST /v2/tx/estimate HTTP/1.1 200 34 - 5.369 ms

08:44:34 [info]: 노드 서버 포트 : 8080 연결
08:44:35 [info]: ::1 - POST /v2/tx/estimate HTTP/1.1 200 881 - 136.566 ms

08:44:50 [info]: ::1 - POST /v2/tx/estimate HTTP/1.1 200 881 - 30.301 ms

08:44:54 [info]: ::1 - POST /v2/tx/estimate HTTP/1.1 200 881 - 16.076 ms

08:47:14 [info]: 노드 서버 포트 : 8080 연결
08:47:19 [info]: ::1 - POST /v2/tx/estimate HTTP/1.1 200 1009 - 107.542 ms

08:47:28 [info]: ::1 - POST /v2/tx/estimate HTTP/1.1 200 1009 - 27.337 ms

08:47:30 [info]: ::1 - POST /v2/tx/estimate HTTP/1.1 200 1009 - 14.476 ms

08:47:32 [info]: ::1 - POST /v2/tx/estimate HTTP/1.1 200 1009 - 18.482 ms

08:47:58 [info]: 노드 서버 포트 : 8080 연결
08:48:00 [info]: ::1 - POST /v2/tx/estimate HTTP/1.1 200 1009 - 61.425 ms

08:48:13 [info]: 노드 서버 포트 : 8080 연결
08:48:14 [info]: ::1 - POST /v2/tx/estimate HTTP/1.1 200 1009 - 62.532 ms

08:48:15 [info]: ::1 - POST /v2/tx/estimate HTTP/1.1 200 1009 - 13.895 ms

09:00:25 [info]: 노드 서버 포트 : 8080 연결
09:01:27 [info]: 노드 서버 포트 : 8080 연결
09:01:34 [info]: 노드 서버 포트 : 8080 연결
09:01:36 [info]: ::1 - POST /v2/tx/estimate HTTP/1.1 200 1009 - 115.284 ms

09:01:47 [info]: 노드 서버 포트 : 8080 연결
09:01:53 [info]: 노드 서버 포트 : 8080 연결
09:01:54 [info]: ::1 - POST /v2/tx/estimate HTTP/1.1 200 1009 - 53.503 ms

09:08:30 [info]: 노드 서버 포트 : 8080 연결
09:17:38 [info]: 노드 서버 포트 : 8080 연결
09:17:40 [info]: isValidPrivateKey true
09:17:40 [info]: isValidAddress true
09:17:40 [info]: isValidAddress true
09:17:41 [info]: ::1 - POST /v2/tx/value HTTP/1.1 200 44 - 100.696 ms

09:24:33 [info]: ::1 - POST /v2/tx/estimate HTTP/1.1 200 1009 - 98.236 ms

09:24:38 [info]: 노드 서버 포트 : 8080 연결
09:24:38 [info]: ::1 - POST /v2/tx/estimate HTTP/1.1 200 1009 - 55.580 ms

09:25:23 [info]: 노드 서버 포트 : 8080 연결
09:25:25 [info]: ::1 - POST /v2/tx/estimate HTTP/1.1 200 817 - 60.354 ms

09:28:22 [info]: 노드 서버 포트 : 8080 연결
09:42:24 [info]: isValidAddress true
09:42:25 [info]: ::1 - GET /v2/tx/value HTTP/1.1 200 31 - 260.530 ms

09:44:09 [info]: 노드 서버 포트 : 8080 연결
09:46:00 [info]: isValidAddress true
09:46:00 [info]: ::1 - GET /v2/tx/value HTTP/1.1 200 31 - 93.028 ms

09:46:10 [info]: isValidAddress true
09:46:10 [info]: ::1 - GET /v2/tx/value/estimate HTTP/1.1 200 26 - 23.409 ms

09:46:42 [info]: 노드 서버 포트 : 8080 연결
09:46:43 [info]: isValidAddress true
09:46:43 [info]: ::1 - GET /v2/tx/value/estimate HTTP/1.1 200 26 - 51.879 ms

09:46:49 [info]: 노드 서버 포트 : 8080 연결
09:46:50 [info]: isValidAddress true
09:46:51 [info]: ::1 - GET /v2/tx/value/estimate HTTP/1.1 200 26 - 47.931 ms

09:47:12 [info]: 노드 서버 포트 : 8080 연결
09:47:13 [info]: isValidAddress true
09:47:13 [info]: ::1 - GET /v2/tx/value/estimate HTTP/1.1 200 24 - 45.802 ms

09:48:07 [info]: 노드 서버 포트 : 8080 연결
09:48:09 [info]: isValidAddress true
09:48:09 [info]: ::1 - GET /v2/tx/value/estimate HTTP/1.1 200 56 - 102.286 ms

09:48:31 [info]: 노드 서버 포트 : 8080 연결
09:48:32 [info]: isValidAddress true
09:48:32 [info]: ::1 - GET /v2/tx/value/estimate HTTP/1.1 200 47 - 52.949 ms

09:52:25 [info]: 노드 서버 포트 : 8080 연결
09:52:31 [info]: isValidAddress true
09:52:31 [info]: ::1 - GET /v2/tx/value/estimate HTTP/1.1 200 47 - 97.000 ms

10:04:35 [error]: The first argument must be of type string or an instance of Buffer, ArrayBuffer, or Array or an Array-like Object. Received undefined
10:04:35 [info]: ::1 - POST /v2/account/create HTTP/1.1 404 147 - 238.046 ms

10:07:55 [info]: 노드 서버 포트 : 8080 연결
10:07:58 [info]: ::1 - POST /v2/account/create HTTP/1.1 200 762 - 256.141 ms

10:08:04 [info]: ::1 - POST /v2/account/create HTTP/1.1 200 761 - 219.079 ms

10:08:29 [info]: ::1 - POST /v2/account/create HTTP/1.1 200 762 - 163.063 ms

10:08:33 [error]: The first argument must be of type string or an instance of Buffer, ArrayBuffer, or Array or an Array-like Object. Received undefined
10:08:33 [info]: ::1 - POST /v2/account/create HTTP/1.1 404 147 - 127.632 ms

10:09:44 [info]: 노드 서버 포트 : 8080 연결
10:09:47 [info]: ::1 - POST /v2/account/create HTTP/1.1 200 762 - 246.655 ms

10:20:58 [info]: 노드 서버 포트 : 8080 연결
10:21:01 [info]: ::1 - POST /v2/account/create HTTP/1.1 200 762 - 264.778 ms

10:21:21 [info]: 노드 서버 포트 : 8080 연결
10:21:37 [info]: 노드 서버 포트 : 8080 연결
10:21:38 [info]: ::1 - POST /v2/account/create HTTP/1.1 200 762 - 248.492 ms

10:21:47 [info]: 노드 서버 포트 : 8080 연결
10:21:48 [info]: ::1 - POST /v2/account/create HTTP/1.1 200 762 - 239.918 ms

10:21:57 [info]: 노드 서버 포트 : 8080 연결
10:21:59 [info]: ::1 - POST /v2/account/create HTTP/1.1 200 762 - 243.718 ms

10:24:24 [info]: 노드 서버 포트 : 8080 연결
10:24:26 [info]: fee pony bone like diagram hybrid face hotel true arm rifle engine
10:24:26 [info]: ::1 - POST /v2/account/create HTTP/1.1 200 762 - 245.849 ms

10:24:41 [info]: 노드 서버 포트 : 8080 연결
10:24:42 [info]: undefined
10:24:42 [info]: ::1 - POST /v2/account/create HTTP/1.1 200 762 - 242.615 ms

10:24:53 [info]: 노드 서버 포트 : 8080 연결
10:24:59 [info]: 노드 서버 포트 : 8080 연결
10:25:00 [info]: testsupply barrel rabbit coin consider grape day inmate uncle grant coin female
10:25:00 [info]: ::1 - POST /v2/account/create HTTP/1.1 200 762 - 260.929 ms

10:25:14 [info]: 노드 서버 포트 : 8080 연결
10:27:29 [info]: 노드 서버 포트 : 8080 연결
10:27:31 [info]: ::1 - POST /v2/account/create HTTP/1.1 200 762 - 248.111 ms

10:27:54 [info]: ::1 - POST /v2/account/create HTTP/1.1 200 762 - 194.869 ms

10:28:53 [info]: ::1 - POST /v2/account/create HTTP/1.1 200 762 - 171.762 ms

10:28:58 [info]: 노드 서버 포트 : 8080 연결
10:28:59 [info]: ::1 - POST /v2/account/create HTTP/1.1 200 762 - 246.900 ms

10:30:07 [info]: 노드 서버 포트 : 8080 연결
10:30:09 [info]: ::1 - POST /v2/account/create HTTP/1.1 200 762 - 256.773 ms

10:30:33 [info]: 노드 서버 포트 : 8080 연결
10:30:35 [info]: ::1 - POST /v2/account/create HTTP/1.1 200 762 - 269.486 ms

10:32:14 [info]: 노드 서버 포트 : 8080 연결
10:32:16 [info]: ::1 - POST /v2/account/create HTTP/1.1 200 762 - 281.230 ms

10:33:06 [info]: 노드 서버 포트 : 8080 연결
10:33:08 [info]: ::1 - POST /v2/account/create HTTP/1.1 200 762 - 250.191 ms

10:35:13 [info]: 노드 서버 포트 : 8080 연결
10:35:16 [info]: ::1 - POST /v2/account/create HTTP/1.1 200 762 - 247.954 ms

10:35:44 [info]: 노드 서버 포트 : 8080 연결
10:35:45 [info]: ::1 - POST /v2/account/create HTTP/1.1 200 762 - 276.210 ms

10:36:02 [info]: 노드 서버 포트 : 8080 연결
10:36:03 [info]: ::1 - POST /v2/account/create HTTP/1.1 200 762 - 255.785 ms

10:38:05 [info]: 노드 서버 포트 : 8080 연결
10:38:07 [info]: ::1 - POST /v2/account/create HTTP/1.1 200 762 - 246.750 ms

10:41:08 [info]: 노드 서버 포트 : 8080 연결
10:42:52 [info]: 노드 서버 포트 : 8080 연결
10:43:46 [info]: 노드 서버 포트 : 8080 연결
10:43:54 [info]: ::1 - POST /v2/account/create HTTP/1.1 200 762 - 270.273 ms

10:44:00 [info]: ::1 - POST /v2/account/create HTTP/1.1 200 762 - 186.790 ms

10:44:27 [info]: ::1 - POST /v2/account/create HTTP/1.1 200 762 - 196.770 ms

10:45:13 [info]: 노드 서버 포트 : 8080 연결
10:45:16 [info]: ::1 - POST /v2/account/create HTTP/1.1 200 762 - 242.132 ms

10:45:35 [error]: The first argument must be of type string or an instance of Buffer, ArrayBuffer, or Array or an Array-like Object. Received undefined
10:45:35 [info]: ::1 - POST /v2/account/create HTTP/1.1 404 147 - 154.674 ms

10:45:58 [info]: 노드 서버 포트 : 8080 연결
10:46:02 [error]: The first argument must be of type string or an instance of Buffer, ArrayBuffer, or Array or an Array-like Object. Received undefined
10:46:02 [info]: ::1 - POST /v2/account/create HTTP/1.1 404 147 - 240.271 ms

10:46:24 [info]: 노드 서버 포트 : 8080 연결
10:46:25 [error]: The first argument must be of type string or an instance of Buffer, ArrayBuffer, or Array or an Array-like Object. Received undefined
10:46:25 [info]: ::1 - POST /v2/account/create HTTP/1.1 404 147 - 211.788 ms

10:46:43 [info]: 노드 서버 포트 : 8080 연결
10:47:38 [info]: 노드 서버 포트 : 8080 연결
10:48:27 [info]: 노드 서버 포트 : 8080 연결
10:48:28 [error]: The first argument must be of type string or an instance of Buffer, ArrayBuffer, or Array or an Array-like Object. Received undefined
10:48:28 [info]: ::1 - POST /v2/account/create HTTP/1.1 404 147 - 206.229 ms

10:48:44 [info]: 노드 서버 포트 : 8080 연결
10:48:45 [error]: The first argument must be of type string or an instance of Buffer, ArrayBuffer, or Array or an Array-like Object. Received undefined
10:48:45 [info]: ::1 - POST /v2/account/create HTTP/1.1 404 147 - 202.899 ms

10:49:22 [info]: 노드 서버 포트 : 8080 연결
10:49:58 [info]: 노드 서버 포트 : 8080 연결
10:50:00 [error]: Assignment to constant variable.
10:50:00 [info]: ::1 - POST /v2/account/create HTTP/1.1 404 46 - 1.529 ms

10:50:44 [info]: 노드 서버 포트 : 8080 연결
10:50:46 [info]: ::1 - POST /v2/account/create HTTP/1.1 200 783 - 265.999 ms

11:04:48 [info]: 노드 서버 포트 : 8080 연결
11:04:50 [info]: ::1 - POST /v2/account/create HTTP/1.1 200 783 - 253.593 ms

11:05:28 [info]: ::1 - POST /v2/account/create HTTP/1.1 200 783 - 185.517 ms

11:05:52 [info]: 노드 서버 포트 : 8080 연결
11:06:08 [info]: 노드 서버 포트 : 8080 연결
11:06:10 [info]: ::1 - POST /v2/account/create HTTP/1.1 200 795 - 261.322 ms

11:07:37 [info]: 노드 서버 포트 : 8080 연결
11:07:39 [info]: ::1 - POST /v2/account/create HTTP/1.1 200 815 - 274.039 ms

11:11:21 [info]: ::1 - POST /v2/account/create HTTP/1.1 200 762 - 199.975 ms

11:11:27 [info]: ::1 - POST /v2/account/create HTTP/1.1 200 809 - 175.619 ms

11:11:30 [info]: ::1 - POST /v2/account/create HTTP/1.1 200 815 - 167.805 ms

11:11:31 [info]: ::1 - POST /v2/account/create HTTP/1.1 200 809 - 169.270 ms

11:11:33 [info]: ::1 - POST /v2/account/create HTTP/1.1 200 812 - 154.963 ms

11:11:35 [info]: ::1 - POST /v2/account/create HTTP/1.1 200 806 - 167.360 ms

11:11:37 [info]: ::1 - POST /v2/account/create HTTP/1.1 200 762 - 169.414 ms

11:12:15 [info]: 노드 서버 포트 : 8080 연결
11:12:27 [info]: 노드 서버 포트 : 8080 연결
11:12:37 [info]: 노드 서버 포트 : 8080 연결
11:12:47 [error]: address is not defined
11:12:47 [info]: ::1 - GET /v2/tx/value/estimate HTTP/1.1 404 36 - 2.029 ms

11:12:52 [error]: address is not defined
11:12:52 [info]: ::1 - GET /v2/tx/value/estimate HTTP/1.1 404 36 - 3.336 ms

11:12:59 [info]: 노드 서버 포트 : 8080 연결
11:13:00 [info]: ::1 - GET /v2/tx/value/estimate HTTP/1.1 200 47 - 108.531 ms

11:14:15 [info]: 노드 서버 포트 : 8080 연결
11:14:16 [info]: ::1 - GET /v2/tx/value/estimate HTTP/1.1 200 52 - 6.091 ms

11:14:25 [info]: 노드 서버 포트 : 8080 연결
11:14:25 [info]: ::1 - GET /v2/tx/value/estimate HTTP/1.1 200 48 - 8.603 ms

11:15:19 [info]: 노드 서버 포트 : 8080 연결
11:15:21 [info]: ::1 - GET /v2/tx/value/estimate HTTP/1.1 200 48 - 5.207 ms

11:15:31 [info]: 노드 서버 포트 : 8080 연결
11:15:32 [info]: ::1 - GET /v2/tx/value/estimate HTTP/1.1 200 47 - 170.886 ms

11:15:42 [info]: ::1 - POST /v2/account/create HTTP/1.1 200 762 - 264.565 ms

11:15:45 [info]: ::1 - POST /v2/account/create HTTP/1.1 200 815 - 182.932 ms

11:15:47 [info]: ::1 - POST /v2/account/create HTTP/1.1 200 815 - 173.909 ms

11:19:23 [info]: isValidPrivateKey true
11:19:23 [info]: isValidAddress true
11:19:23 [info]: isValidAddress true
11:19:25 [info]: ::1 - POST /v2/tx/value HTTP/1.1 200 1340 - 2182.810 ms

11:19:29 [info]: isValidAddress true
11:19:29 [info]: ::1 - GET /v2/tx/value HTTP/1.1 200 31 - 8.970 ms

11:26:10 [info]: ::1 - GET /v2/tx/value/estimate HTTP/1.1 200 47 - 77.226 ms

12:28:46 [info]: 노드 서버 포트 : 8080 연결
12:29:08 [info]: 노드 서버 포트 : 8080 연결
12:29:25 [info]: 노드 서버 포트 : 8080 연결
12:30:32 [info]: 노드 서버 포트 : 8080 연결
12:31:25 [error]: Cannot read properties of undefined (reading 'personal')
12:31:25 [info]: ::1 - POST /v2/account/update HTTP/1.1 404 70 - 2.610 ms

12:32:33 [info]: 노드 서버 포트 : 8080 연결
12:32:35 [error]: Returned error: the method personal_lockAccount does not exist/is not available
12:32:35 [info]: ::1 - POST /v2/account/update HTTP/1.1 404 93 - 100.592 ms

12:33:27 [info]: 노드 서버 포트 : 8080 연결
12:33:29 [error]: Returned error: the method personal_newAccount does not exist/is not available
12:33:29 [info]: ::1 - POST /v2/account/update HTTP/1.1 404 92 - 47.834 ms

12:33:40 [info]: 노드 서버 포트 : 8080 연결
12:33:42 [error]: Returned error: the method personal_newAccount does not exist/is not available
12:33:42 [info]: ::1 - POST /v2/account/update HTTP/1.1 404 92 - 48.634 ms

12:33:48 [info]: 노드 서버 포트 : 8080 연결
12:33:48 [error]: Returned error: the method personal_newAccount does not exist/is not available
12:33:48 [info]: ::1 - POST /v2/account/update HTTP/1.1 404 92 - 45.248 ms

12:33:51 [info]: 노드 서버 포트 : 8080 연결
12:33:53 [error]: Converting circular structure to JSON
    --> starting at object with constructor 'Accounts'
    |     property 'wallet' -> object with constructor 'Wallet'
    --- property '_accounts' closes the circle
12:33:53 [info]: ::1 - POST /v2/account/update HTTP/1.1 404 220 - 5.017 ms

12:34:47 [info]: 노드 서버 포트 : 8080 연결
12:34:48 [error]: Converting circular structure to JSON
    --> starting at object with constructor 'Accounts'
    |     property 'wallet' -> object with constructor 'Wallet'
    --- property '_accounts' closes the circle
12:34:48 [info]: ::1 - POST /v2/account/update HTTP/1.1 404 220 - 2.358 ms

12:36:25 [info]: 노드 서버 포트 : 8080 연결
13:10:51 [info]: 노드 서버 포트 : 8080 연결
13:16:24 [info]: 노드 서버 포트 : 8080 연결
13:16:51 [info]: 노드 서버 포트 : 8080 연결
13:18:36 [info]: 노드 서버 포트 : 8080 연결
13:18:38 [info]: 노드 서버 포트 : 8080 연결
13:18:38 [info]: 노드 서버 포트 : 8080 연결
13:19:44 [info]: 노드 서버 포트 : 8080 연결
13:20:04 [info]: 노드 서버 포트 : 8080 연결
13:23:41 [info]: 노드 서버 포트 : 8080 연결
13:23:45 [info]: isValidAddress true
13:23:45 [info]: ::1 - GET /v2/tx/value HTTP/1.1 200 31 - 144.357 ms

13:23:51 [info]: ::1 - GET /v2/tx/value/estimate HTTP/1.1 200 47 - 22.537 ms

13:25:10 [info]: 노드 서버 포트 : 8080 연결
13:25:28 [info]: 노드 서버 포트 : 8080 연결
13:25:52 [info]: 노드 서버 포트 : 8080 연결
13:26:23 [info]: 노드 서버 포트 : 8080 연결
13:26:33 [info]: 노드 서버 포트 : 8080 연결
13:27:56 [info]: 노드 서버 포트 : 8080 연결
13:28:38 [info]: 노드 서버 포트 : 8080 연결
13:37:03 [info]: 노드 서버 포트 : 8080 연결
13:37:21 [info]: ::1 - GET /v2/tx/value/estimate HTTP/1.1 200 47 - 107.777 ms

13:37:30 [info]: isValidAddress true
13:37:30 [info]: ::1 - GET /v2/tx/value HTTP/1.1 200 27 - 32.537 ms

13:37:41 [info]: isValidAddress true
13:37:41 [info]: ::1 - GET /v2/tx/value HTTP/1.1 200 22 - 35.911 ms

13:38:02 [info]: isValidAddress true
13:38:02 [info]: ::1 - GET /v2/tx/value HTTP/1.1 200 22 - 31.133 ms

13:38:13 [info]: isValidAddress true
13:38:13 [info]: ::1 - GET /v2/tx/value HTTP/1.1 200 22 - 75.586 ms

13:38:20 [info]: isValidAddress true
13:38:20 [info]: ::1 - GET /v2/tx/value HTTP/1.1 200 22 - 42.062 ms

13:38:43 [info]: isValidAddress true
13:38:43 [info]: ::1 - GET /v2/tx/value HTTP/1.1 200 23 - 27.473 ms

13:39:52 [info]: 노드 서버 포트 : 8080 연결
13:40:20 [info]: 노드 서버 포트 : 8080 연결
13:40:54 [info]: 노드 서버 포트 : 8080 연결
13:41:29 [info]: 노드 서버 포트 : 8080 연결
13:43:49 [info]: 노드 서버 포트 : 8080 연결
13:43:52 [error]: POST /v2/tx/fd/value 라우터가 없습니다.
13:43:52 [error]: POST /v2/tx/fd/value 라우터가 없습니다.
13:43:52 [info]: ::1 - POST /v2/tx/fd/value HTTP/1.1 404 5 - 4.883 ms

13:44:07 [info]: 노드 서버 포트 : 8080 연결
13:44:10 [info]: isValidAddress false
13:44:10 [error]: Invalid Address
13:44:10 [error]: Invalid address
13:44:10 [info]: ::1 - POST /v2/tx/fd/value HTTP/1.1 200 29 - 2.252 ms

13:44:52 [info]: isValidAddress true
13:44:52 [info]: isValidAddress true
13:44:52 [info]: isValidAddress true
13:44:52 [info]: isValidPrivateKey true
13:44:52 [info]: isValidPrivateKey true
13:44:52 [error]: Returned error: json:"feePayer" is required for TxTypeFeeDelegatedValueTransfer
13:44:52 [error]: Returned error: json:"feePayer" is required for TxTypeFeeDelegatedValueTransfer
13:44:52 [info]: ::1 - POST /v2/tx/fd/value HTTP/1.1 200 95 - 170.362 ms

13:46:24 [info]: 노드 서버 포트 : 8080 연결
13:46:30 [info]: isValidAddress true
13:46:30 [info]: isValidAddress true
13:46:30 [info]: isValidAddress true
13:46:30 [info]: isValidPrivateKey true
13:46:30 [info]: isValidPrivateKey true
13:46:30 [error]: Returned error: json:"feePayer" is required for TxTypeFeeDelegatedValueTransfer
13:46:30 [error]: Returned error: json:"feePayer" is required for TxTypeFeeDelegatedValueTransfer
13:46:30 [info]: ::1 - POST /v2/tx/fd/value HTTP/1.1 200 95 - 154.037 ms

13:46:53 [info]: 노드 서버 포트 : 8080 연결
13:47:40 [info]: 노드 서버 포트 : 8080 연결
13:47:42 [info]: isValidAddress true
13:47:42 [info]: isValidAddress true
13:47:42 [info]: isValidAddress true
13:47:42 [info]: isValidPrivateKey true
13:47:42 [info]: isValidPrivateKey true
13:47:42 [error]: Returned error: json:"feePayer" is required for TxTypeFeeDelegatedValueTransfer
13:47:42 [error]: Returned error: json:"feePayer" is required for TxTypeFeeDelegatedValueTransfer
13:47:42 [info]: ::1 - POST /v2/tx/fd/value HTTP/1.1 200 95 - 106.351 ms

13:49:49 [info]: 노드 서버 포트 : 8080 연결
13:49:52 [info]: isValidAddress true
13:49:52 [info]: isValidAddress true
13:49:52 [info]: isValidAddress true
13:49:52 [info]: isValidPrivateKey true
13:49:52 [info]: isValidPrivateKey true
13:49:52 [error]: Returned error: json:"feePayer" is required for TxTypeFeeDelegatedValueTransfer
13:49:52 [error]: Returned error: json:"feePayer" is required for TxTypeFeeDelegatedValueTransfer
13:49:52 [info]: ::1 - POST /v2/tx/fd/value HTTP/1.1 200 95 - 162.580 ms

13:53:01 [info]: 노드 서버 포트 : 8080 연결
13:53:02 [info]: isValidAddress true
13:53:02 [info]: isValidAddress true
13:53:02 [info]: isValidAddress true
13:53:02 [info]: isValidPrivateKey true
13:53:02 [info]: isValidPrivateKey true
13:53:03 [error]: Returned error: json:"feePayer" is required for TxTypeFeeDelegatedValueTransfer
13:53:03 [error]: Returned error: json:"feePayer" is required for TxTypeFeeDelegatedValueTransfer
13:53:03 [info]: ::1 - POST /v2/tx/fd/value HTTP/1.1 200 95 - 150.851 ms

13:53:29 [info]: isValidAddress true
13:53:29 [info]: ::1 - GET /v2/tx/value HTTP/1.1 200 21 - 81.433 ms

13:53:35 [info]: isValidPrivateKey true
13:53:35 [info]: isValidAddress true
13:53:35 [info]: isValidAddress true
13:53:37 [info]: ::1 - POST /v2/tx/value HTTP/1.1 200 1340 - 2104.923 ms

13:53:39 [info]: isValidAddress true
13:53:39 [info]: ::1 - GET /v2/tx/value HTTP/1.1 200 21 - 30.517 ms

13:53:45 [info]: isValidAddress true
13:53:45 [info]: ::1 - GET /v2/tx/value HTTP/1.1 200 15 - 29.512 ms

13:54:03 [info]: 노드 서버 포트 : 8080 연결
13:54:07 [info]: isValidAddress true
13:54:07 [info]: isValidAddress true
13:54:07 [info]: isValidAddress true
13:54:07 [info]: isValidPrivateKey true
13:54:07 [info]: isValidPrivateKey true
13:54:07 [error]: Returned error: json:"feePayer" is required for TxTypeFeeDelegatedValueTransfer
13:54:07 [error]: Returned error: json:"feePayer" is required for TxTypeFeeDelegatedValueTransfer
13:54:07 [info]: ::1 - POST /v2/tx/fd/value HTTP/1.1 200 95 - 110.719 ms

13:54:08 [info]: isValidAddress true
13:54:08 [info]: isValidAddress true
13:54:08 [info]: isValidAddress true
13:54:08 [info]: isValidPrivateKey true
13:54:08 [info]: isValidPrivateKey true
13:54:08 [error]: Returned error: json:"feePayer" is required for TxTypeFeeDelegatedValueTransfer
13:54:08 [error]: Returned error: json:"feePayer" is required for TxTypeFeeDelegatedValueTransfer
13:54:08 [info]: ::1 - POST /v2/tx/fd/value HTTP/1.1 200 95 - 36.418 ms

13:54:13 [info]: 노드 서버 포트 : 8080 연결
13:54:14 [info]: isValidAddress true
13:54:14 [info]: isValidAddress true
13:54:14 [info]: isValidAddress true
13:54:14 [info]: isValidPrivateKey true
13:54:14 [info]: isValidPrivateKey true
13:54:14 [error]: Returned error: json:"feePayer" is required for TxTypeFeeDelegatedValueTransfer
13:54:14 [error]: Returned error: json:"feePayer" is required for TxTypeFeeDelegatedValueTransfer
13:54:14 [info]: ::1 - POST /v2/tx/fd/value HTTP/1.1 200 95 - 106.368 ms

13:54:28 [info]: 노드 서버 포트 : 8080 연결
13:54:29 [info]: isValidAddress true
13:54:29 [info]: isValidAddress true
13:54:29 [info]: isValidAddress true
13:54:29 [info]: isValidPrivateKey true
13:54:29 [info]: isValidPrivateKey true
13:54:29 [error]: Returned error: json:"feePayer" is required for TxTypeFeeDelegatedValueTransfer
13:54:29 [error]: Returned error: json:"feePayer" is required for TxTypeFeeDelegatedValueTransfer
13:54:29 [info]: ::1 - POST /v2/tx/fd/value HTTP/1.1 200 95 - 149.839 ms

13:55:31 [info]: 노드 서버 포트 : 8080 연결
13:55:39 [info]: isValidAddress true
13:55:39 [info]: isValidAddress true
13:55:39 [info]: isValidAddress true
13:55:39 [info]: isValidPrivateKey true
13:55:40 [info]: isValidPrivateKey true
13:55:42 [info]: ::1 - POST /v2/tx/fd/value HTTP/1.1 200 1588 - 2171.483 ms

13:55:44 [info]: isValidAddress true
13:55:44 [info]: isValidAddress true
13:55:44 [info]: isValidAddress true
13:55:44 [info]: isValidPrivateKey true
13:55:44 [info]: isValidPrivateKey true
13:55:46 [info]: ::1 - POST /v2/tx/fd/value HTTP/1.1 200 1589 - 2091.931 ms

13:55:52 [info]: isValidAddress true
13:55:52 [info]: ::1 - GET /v2/tx/value HTTP/1.1 200 15 - 86.164 ms

13:57:09 [info]: 노드 서버 포트 : 8080 연결
14:08:17 [info]: 노드 서버 포트 : 8080 연결
14:08:49 [info]: 노드 서버 포트 : 8080 연결
14:09:22 [info]: isValidAddress true
14:09:22 [info]: ::1 - GET /v2/tx/value HTTP/1.1 200 15 - 97.879 ms

14:09:27 [info]: isValidAddress true
14:09:27 [info]: ::1 - GET /v2/tx/value HTTP/1.1 200 21 - 135.453 ms

14:09:49 [info]: isValidAddress true
14:09:49 [info]: isValidAddress true
14:09:49 [info]: isValidAddress true
14:09:49 [info]: isValidPrivateKey true
14:09:49 [info]: isValidPrivateKey true
14:09:51 [info]: ::1 - POST /v2/tx/fd/value HTTP/1.1 200 1591 - 2148.250 ms

14:09:57 [info]: isValidAddress true
14:09:57 [info]: ::1 - GET /v2/tx/value HTTP/1.1 200 21 - 35.499 ms

14:10:08 [info]: isValidAddress true
14:10:08 [info]: ::1 - GET /v2/tx/value HTTP/1.1 200 27 - 33.601 ms

14:12:58 [info]: 노드 서버 포트 : 8080 연결
14:13:00 [info]: 0xadc565Bb88aA72aa14b98Cb6196f216900614b3cisValidAddress true
14:13:00 [info]: ::1 - GET /v2/tx/value HTTP/1.1 200 27 - 93.961 ms

14:13:06 [info]: 노드 서버 포트 : 8080 연결
14:13:10 [info]: 노드 서버 포트 : 8080 연결
14:13:15 [info]: 노드 서버 포트 : 8080 연결
14:13:16 [info]: 0xadc565Bb88aA72aa14b98Cb6196f216900614b3c isValidAddress true
14:13:16 [info]: ::1 - GET /v2/tx/value HTTP/1.1 200 27 - 61.716 ms

14:13:31 [info]: 0xadc565Bb88aA72aa14b98Cb6196f216900614b3c isValidAddress true
14:13:31 [info]: ::1 - GET /v2/tx/value HTTP/1.1 200 31 - 80.334 ms

14:14:03 [info]: 노드 서버 포트 : 8080 연결
14:14:06 [info]: 0xadc565Bb88aA72aa14b98Cb6196f216900614b3c isValidAddress true
14:14:06 [info]: 키값: 1 데이터값: https://public-node-api.klaytnapi.com/v1/cypress
14:14:07 [info]: ::1 - GET /v2/tx/value HTTP/1.1 200 27 - 87.440 ms

14:31:40 [info]: 노드 서버 포트 : 8080 연결
14:33:59 [info]: 노드 서버 포트 : 8080 연결
14:34:31 [error]: GET /v2/tx/fd/value 라우터가 없습니다.
14:34:31 [error]: GET /v2/tx/fd/value 라우터가 없습니다.
14:34:31 [info]: ::1 - GET /v2/tx/fd/value HTTP/1.1 404 5 - 7.601 ms

14:35:01 [info]: 노드 서버 포트 : 8080 연결
14:35:02 [error]: isValidChainId is not defined
14:35:02 [info]: ::1 - GET /v2/tx/fd/value/estimate HTTP/1.1 404 43 - 6.792 ms

14:35:19 [info]: 노드 서버 포트 : 8080 연결
14:35:22 [info]: ::1 - GET /v2/tx/fd/value/estimate HTTP/1.1 200 47 - 114.169 ms

14:36:26 [info]: ::1 - GET /v2/tx/fd/value/estimate HTTP/1.1 200 47 - 36.085 ms

14:37:10 [info]: 노드 서버 포트 : 8080 연결
14:37:11 [info]: ::1 - GET /v2/tx/fd/value/estimate HTTP/1.1 200 47 - 140.268 ms

14:37:16 [info]: ::1 - GET /v2/tx/value/estimate HTTP/1.1 200 47 - 26.088 ms

14:47:26 [info]: 노드 서버 포트 : 8080 연결
14:47:33 [info]: 노드 서버 포트 : 8080 연결
14:47:51 [info]: 노드 서버 포트 : 8080 연결
14:48:07 [info]: 노드 서버 포트 : 8080 연결
14:48:17 [info]: 노드 서버 포트 : 8080 연결
14:49:25 [info]: 노드 서버 포트 : 8080 연결
14:49:43 [info]: 노드 서버 포트 : 8080 연결
14:50:12 [info]: 노드 서버 포트 : 8080 연결
14:50:12 [info]: 노드 서버 포트 : 8080 연결
14:50:13 [info]: 노드 서버 포트 : 8080 연결
14:50:52 [info]: 노드 서버 포트 : 8080 연결
14:51:13 [info]: 노드 서버 포트 : 8080 연결
14:51:29 [info]: 노드 서버 포트 : 8080 연결
14:53:20 [info]: 노드 서버 포트 : 8080 연결
15:06:41 [info]: 노드 서버 포트 : 8080 연결
15:07:02 [info]: ::1 - POST /v1/contract/ft HTTP/1.1 200 16 - 6.909 ms

15:07:28 [info]: 노드 서버 포트 : 8080 연결
15:07:29 [error]: chainId required
15:07:29 [info]: ::1 - POST /v1/contract/ft HTTP/1.1 200 30 - 4.651 ms

15:07:42 [info]: ::1 - POST /v1/contract/ft HTTP/1.1 200 16 - 1.131 ms

15:09:42 [info]: 노드 서버 포트 : 8080 연결
15:16:37 [info]: 노드 서버 포트 : 8080 연결
15:16:38 [info]: 0xadc565Bb88aA72aa14b98Cb6196f216900614b3c isValidAddress true
15:16:38 [info]: 0xa58f34a8853bde661ca77ad884faf3d355ebb1a54dc9ccab007f89e4b33cda8e isValidPrivateKey true
15:16:38 [error]: Duplicate Account 0xadc565bb88aa72aa14b98cb6196f216900614b3c. Please use updateKeyring() instead.
15:16:38 [error]: Duplicate Account 0xadc565bb88aa72aa14b98cb6196f216900614b3c. Please use updateKeyring() instead.
15:16:38 [info]: ::1 - POST /v1/contract/ft HTTP/1.1 200 111 - 11.501 ms

15:17:30 [info]: 노드 서버 포트 : 8080 연결
15:17:32 [info]: 0xadc565Bb88aA72aa14b98Cb6196f216900614b3c isValidAddress true
15:17:32 [info]: 0xa58f34a8853bde661ca77ad884faf3d355ebb1a54dc9ccab007f89e4b33cda8e isValidPrivateKey true
15:17:32 [error]: Duplicate Account 0xadc565bb88aa72aa14b98cb6196f216900614b3c. Please use updateKeyring() instead.
15:17:32 [error]: Duplicate Account 0xadc565bb88aa72aa14b98cb6196f216900614b3c. Please use updateKeyring() instead.
15:17:32 [info]: ::1 - POST /v1/contract/ft HTTP/1.1 200 111 - 16.135 ms

15:18:13 [info]: 노드 서버 포트 : 8080 연결
15:18:14 [info]: 0xadc565Bb88aA72aa14b98Cb6196f216900614b3c isValidAddress true
15:18:14 [info]: 0xa58f34a8853bde661ca77ad884faf3d355ebb1a54dc9ccab007f89e4b33cda8e isValidPrivateKey true
15:18:14 [info]: ::1 - POST /v1/contract/ft HTTP/1.1 200 16 - 17.433 ms

15:19:15 [info]: 노드 서버 포트 : 8080 연결
15:21:41 [info]: 노드 서버 포트 : 8080 연결
15:21:48 [info]: 노드 서버 포트 : 8080 연결
15:21:51 [info]: 0xadc565Bb88aA72aa14b98Cb6196f216900614b3c isValidAddress true
15:21:51 [info]: 0xa58f34a8853bde661ca77ad884faf3d355ebb1a54dc9ccab007f89e4b33cda8e isValidPrivateKey true
15:21:51 [info]: ::1 - POST /v1/contract/ft HTTP/1.1 200 16 - 16.996 ms

15:22:22 [info]: 노드 서버 포트 : 8080 연결
15:22:22 [info]: 0xadc565Bb88aA72aa14b98Cb6196f216900614b3c isValidAddress true
15:22:22 [info]: 0xa58f34a8853bde661ca77ad884faf3d355ebb1a54dc9ccab007f89e4b33cda8e isValidPrivateKey true
15:22:22 [error]: Duplicate Account 0xadc565bb88aa72aa14b98cb6196f216900614b3c. Please use updateKeyring() instead.
15:22:22 [error]: Duplicate Account 0xadc565bb88aa72aa14b98cb6196f216900614b3c. Please use updateKeyring() instead.
15:22:22 [info]: ::1 - POST /v1/contract/ft HTTP/1.1 200 111 - 24.158 ms

15:22:54 [info]: 노드 서버 포트 : 8080 연결
15:22:57 [info]: 0xadc565Bb88aA72aa14b98Cb6196f216900614b3c isValidAddress true
15:22:57 [info]: 0xa58f34a8853bde661ca77ad884faf3d355ebb1a54dc9ccab007f89e4b33cda8e isValidPrivateKey true
15:22:57 [error]: Duplicate Account 0xadc565bb88aa72aa14b98cb6196f216900614b3c. Please use updateKeyring() instead.
15:22:57 [error]: Duplicate Account 0xadc565bb88aa72aa14b98cb6196f216900614b3c. Please use updateKeyring() instead.
15:22:57 [info]: ::1 - POST /v1/contract/ft HTTP/1.1 200 111 - 12.985 ms

15:24:14 [info]: 노드 서버 포트 : 8080 연결
15:24:15 [info]: 0xadc565Bb88aA72aa14b98Cb6196f216900614b3c isValidAddress true
15:24:15 [info]: 0xa58f34a8853bde661ca77ad884faf3d355ebb1a54dc9ccab007f89e4b33cda8e isValidPrivateKey true
15:24:15 [error]: Duplicate Account 0xadc565bb88aa72aa14b98cb6196f216900614b3c. Please use updateKeyring() instead.
15:24:15 [error]: Duplicate Account 0xadc565bb88aa72aa14b98cb6196f216900614b3c. Please use updateKeyring() instead.
15:24:15 [info]: ::1 - POST /v1/contract/ft HTTP/1.1 200 111 - 20.376 ms

15:25:20 [info]: 노드 서버 포트 : 8080 연결
15:25:23 [info]: 0xadc565Bb88aA72aa14b98Cb6196f216900614b3c isValidAddress true
15:25:23 [info]: 0xa58f34a8853bde661ca77ad884faf3d355ebb1a54dc9ccab007f89e4b33cda8e isValidPrivateKey true
15:25:23 [error]: Duplicate Account 0xadc565bb88aa72aa14b98cb6196f216900614b3c. Please use updateKeyring() instead.
15:25:23 [error]: Duplicate Account 0xadc565bb88aa72aa14b98cb6196f216900614b3c. Please use updateKeyring() instead.
15:25:23 [info]: ::1 - POST /v1/contract/ft HTTP/1.1 200 111 - 14.916 ms

15:26:24 [info]: 노드 서버 포트 : 8080 연결
15:26:28 [info]: 0xadc565Bb88aA72aa14b98Cb6196f216900614b3c isValidAddress true
15:26:28 [info]: 0xa58f34a8853bde661ca77ad884faf3d355ebb1a54dc9ccab007f89e4b33cda8e isValidPrivateKey true
15:26:28 [error]: newKeyring is not defined
15:26:28 [error]: newKeyring is not defined
15:26:28 [info]: ::1 - POST /v1/contract/ft HTTP/1.1 200 39 - 13.768 ms

15:26:59 [info]: 노드 서버 포트 : 8080 연결
15:27:00 [info]: 0xadc565Bb88aA72aa14b98Cb6196f216900614b3c isValidAddress true
15:27:00 [info]: 0xa58f34a8853bde661ca77ad884faf3d355ebb1a54dc9ccab007f89e4b33cda8e isValidPrivateKey true
15:27:00 [error]: Duplicate Account 0xadc565bb88aa72aa14b98cb6196f216900614b3c. Please use updateKeyring() instead.
15:27:00 [error]: Duplicate Account 0xadc565bb88aa72aa14b98cb6196f216900614b3c. Please use updateKeyring() instead.
15:27:00 [info]: ::1 - POST /v1/contract/ft HTTP/1.1 200 111 - 15.405 ms

15:27:38 [info]: 노드 서버 포트 : 8080 연결
15:27:40 [info]: 0xadc565Bb88aA72aa14b98Cb6196f216900614b3c isValidAddress true
15:27:40 [info]: 0xa58f34a8853bde661ca77ad884faf3d355ebb1a54dc9ccab007f89e4b33cda8e isValidPrivateKey true
15:27:40 [error]: Duplicate Account 0xadc565bb88aa72aa14b98cb6196f216900614b3c. Please use updateKeyring() instead.
15:27:40 [error]: Duplicate Account 0xadc565bb88aa72aa14b98cb6196f216900614b3c. Please use updateKeyring() instead.
15:27:40 [info]: ::1 - POST /v1/contract/ft HTTP/1.1 200 111 - 13.573 ms

15:29:11 [info]: 노드 서버 포트 : 8080 연결
15:29:12 [info]: 0xadc565Bb88aA72aa14b98Cb6196f216900614b3c isValidAddress true
15:29:12 [info]: 0xa58f34a8853bde661ca77ad884faf3d355ebb1a54dc9ccab007f89e4b33cda8e isValidPrivateKey true
15:29:12 [error]: account is not defined
15:29:12 [error]: account is not defined
15:29:12 [info]: ::1 - POST /v1/contract/ft HTTP/1.1 200 36 - 16.385 ms

15:29:19 [info]: 노드 서버 포트 : 8080 연결
15:29:20 [info]: 0xadc565Bb88aA72aa14b98Cb6196f216900614b3c isValidAddress true
15:29:20 [info]: 0xa58f34a8853bde661ca77ad884faf3d355ebb1a54dc9ccab007f89e4b33cda8e isValidPrivateKey true
15:29:20 [info]: ::1 - POST /v1/contract/ft HTTP/1.1 200 16 - 14.487 ms

15:29:39 [info]: 노드 서버 포트 : 8080 연결
15:29:40 [info]: 0xadc565Bb88aA72aa14b98Cb6196f216900614b3c isValidAddress true
15:29:40 [info]: 0xa58f34a8853bde661ca77ad884faf3d355ebb1a54dc9ccab007f89e4b33cda8e isValidPrivateKey true
15:29:40 [info]: ::1 - POST /v1/contract/ft HTTP/1.1 200 16 - 15.147 ms

15:29:47 [info]: 노드 서버 포트 : 8080 연결
15:29:47 [info]: 0xadc565Bb88aA72aa14b98Cb6196f216900614b3c isValidAddress true
15:29:47 [info]: 0xa58f34a8853bde661ca77ad884faf3d355ebb1a54dc9ccab007f89e4b33cda8e isValidPrivateKey true
15:29:47 [info]: ::1 - POST /v1/contract/ft HTTP/1.1 200 16 - 13.750 ms

15:29:54 [info]: 노드 서버 포트 : 8080 연결
15:29:55 [info]: 0xadc565Bb88aA72aa14b98Cb6196f216900614b3c isValidAddress true
15:29:55 [info]: 0xa58f34a8853bde661ca77ad884faf3d355ebb1a54dc9ccab007f89e4b33cda8e isValidPrivateKey true
15:29:55 [info]: ::1 - POST /v1/contract/ft HTTP/1.1 200 16 - 16.005 ms

15:31:48 [info]: 노드 서버 포트 : 8080 연결
15:31:57 [info]: 노드 서버 포트 : 8080 연결
15:32:40 [info]: 0xadc565Bb88aA72aa14b98Cb6196f216900614b3c isValidAddress true
15:32:40 [info]: 0xa58f34a8853bde661ca77ad884faf3d355ebb1a54dc9ccab007f89e4b33cda8e isValidPrivateKey true
15:32:40 [error]: Returned error: unknown account
15:32:40 [error]: Returned error: unknown account
15:32:40 [info]: ::1 - POST /v1/contract/ft HTTP/1.1 200 45 - 137.369 ms

15:33:57 [info]: 노드 서버 포트 : 8080 연결
15:33:59 [info]: 0xadc565Bb88aA72aa14b98Cb6196f216900614b3c isValidAddress true
15:33:59 [info]: 0xa58f34a8853bde661ca77ad884faf3d355ebb1a54dc9ccab007f89e4b33cda8e isValidPrivateKey true
15:34:01 [info]: ::1 - POST /v1/contract/ft HTTP/1.1 200 19575 - 2194.294 ms

15:35:14 [info]: 노드 서버 포트 : 8080 연결
15:35:16 [info]: 0xadc565Bb88aA72aa14b98Cb6196f216900614b3c isValidAddress true
15:35:16 [info]: 0xa58f34a8853bde661ca77ad884faf3d355ebb1a54dc9ccab007f89e4b33cda8e isValidPrivateKey true
15:35:18 [info]: ::1 - POST /v1/contract/ft HTTP/1.1 200 19575 - 2147.798 ms

15:35:23 [info]: 0xadc565Bb88aA72aa14b98Cb6196f216900614b3c isValidAddress true
15:35:23 [info]: 0xa58f34a8853bde661ca77ad884faf3d355ebb1a54dc9ccab007f89e4b33cda8e isValidPrivateKey true
15:35:23 [info]: ::1 - POST /v1/contract/ft HTTP/1.1 200 15 - 7.934 ms

15:36:10 [info]: 노드 서버 포트 : 8080 연결
15:37:11 [info]: 노드 서버 포트 : 8080 연결
15:37:32 [info]: 0xadc565Bb88aA72aa14b98Cb6196f216900614b3c isValidAddress true
15:37:32 [info]: 0xa58f34a8853bde661ca77ad884faf3d355ebb1a54dc9ccab007f89e4b33cda8e isValidPrivateKey true
15:37:34 [info]: ::1 - POST /v1/contract/ft HTTP/1.1 200 19575 - 2215.130 ms

16:34:57 [info]: 노드 서버 포트 : 8080 연결
16:37:02 [info]: 노드 서버 포트 : 8080 연결
16:37:04 [info]: 0xadc565Bb88aA72aa14b98Cb6196f216900614b3c isValidAddress true
16:37:04 [info]: 0xa58f34a8853bde661ca77ad884faf3d355ebb1a54dc9ccab007f89e4b33cda8e isValidPrivateKey true
16:37:04 [error]: baobab.kct.kip7.deploy(...).on is not a function
16:37:04 [error]: baobab.kct.kip7.deploy(...).on is not a function
16:37:04 [info]: ::1 - POST /v1/contract/ft HTTP/1.1 200 62 - 26.347 ms

16:37:32 [info]: 노드 서버 포트 : 8080 연결
16:37:33 [info]: 0xadc565Bb88aA72aa14b98Cb6196f216900614b3c isValidAddress true
16:37:33 [info]: 0xa58f34a8853bde661ca77ad884faf3d355ebb1a54dc9ccab007f89e4b33cda8e isValidPrivateKey true
16:37:33 [error]: baobab.kct.kip7.deploy(...).on is not a function
16:37:33 [error]: baobab.kct.kip7.deploy(...).on is not a function
16:37:33 [info]: ::1 - POST /v1/contract/ft HTTP/1.1 200 62 - 28.845 ms

16:37:49 [info]: 노드 서버 포트 : 8080 연결
16:37:51 [info]: 0xadc565Bb88aA72aa14b98Cb6196f216900614b3c isValidAddress true
16:37:51 [info]: 0xa58f34a8853bde661ca77ad884faf3d355ebb1a54dc9ccab007f89e4b33cda8e isValidPrivateKey true
16:37:51 [error]: baobab.kct.kip7.deploy(...).on is not a function
16:37:51 [error]: baobab.kct.kip7.deploy(...).on is not a function
16:37:51 [info]: ::1 - POST /v1/contract/ft HTTP/1.1 200 62 - 26.882 ms

16:38:30 [info]: 노드 서버 포트 : 8080 연결
16:38:32 [info]: 0xadc565Bb88aA72aa14b98Cb6196f216900614b3c isValidAddress true
16:38:32 [info]: 0xa58f34a8853bde661ca77ad884faf3d355ebb1a54dc9ccab007f89e4b33cda8e isValidPrivateKey true
16:38:32 [error]: baobab.kct.kip7.deploy(...).on is not a function
16:38:32 [error]: baobab.kct.kip7.deploy(...).on is not a function
16:38:32 [info]: ::1 - POST /v1/contract/ft HTTP/1.1 200 62 - 23.731 ms

16:47:35 [info]: 노드 서버 포트 : 8080 연결
16:47:39 [info]: 0xadc565Bb88aA72aa14b98Cb6196f216900614b3c isValidAddress true
16:47:39 [info]: 0xa58f34a8853bde661ca77ad884faf3d355ebb1a54dc9ccab007f89e4b33cda8e isValidPrivateKey true
16:47:41 [info]: ::1 - POST /v1/contract/ft HTTP/1.1 200 19575 - 2186.867 ms

16:48:43 [info]: 노드 서버 포트 : 8080 연결
16:48:45 [info]: 0xadc565Bb88aA72aa14b98Cb6196f216900614b3c isValidAddress true
16:48:45 [info]: 0xa58f34a8853bde661ca77ad884faf3d355ebb1a54dc9ccab007f89e4b33cda8e isValidPrivateKey true
16:48:45 [error]: baobab.kct.kip7.deploy(...).on is not a function
16:48:45 [error]: baobab.kct.kip7.deploy(...).on is not a function
16:48:45 [info]: ::1 - POST /v1/contract/ft HTTP/1.1 200 62 - 27.598 ms

16:49:06 [info]: 노드 서버 포트 : 8080 연결
16:49:07 [info]: 0xadc565Bb88aA72aa14b98Cb6196f216900614b3c isValidAddress true
16:49:07 [info]: 0xa58f34a8853bde661ca77ad884faf3d355ebb1a54dc9ccab007f89e4b33cda8e isValidPrivateKey true
16:49:07 [error]: baobab.kct.kip7.deploy(...).on is not a function
16:49:07 [error]: baobab.kct.kip7.deploy(...).on is not a function
16:49:07 [info]: ::1 - POST /v1/contract/ft HTTP/1.1 200 62 - 27.887 ms

16:49:15 [info]: 노드 서버 포트 : 8080 연결
16:49:18 [info]: 0xadc565Bb88aA72aa14b98Cb6196f216900614b3c isValidAddress true
16:49:18 [info]: 0xa58f34a8853bde661ca77ad884faf3d355ebb1a54dc9ccab007f89e4b33cda8e isValidPrivateKey true
16:49:18 [error]: baobab.kct.kip7.deploy(...).on is not a function
16:49:18 [error]: baobab.kct.kip7.deploy(...).on is not a function
16:49:18 [info]: ::1 - POST /v1/contract/ft HTTP/1.1 200 62 - 25.657 ms

16:52:41 [info]: 노드 서버 포트 : 8080 연결
