08:40:22 [error]: Invalid Address0xadc565Bb88aA72aa14b98Cb6196f216900614b3cs
08:40:22 [error]: Invalid address
08:44:27 [error]: caver is not defined
08:44:27 [error]: caver is not defined
10:04:35 [error]: The first argument must be of type string or an instance of Buffer, ArrayBuffer, or Array or an Array-like Object. Received undefined
10:08:33 [error]: The first argument must be of type string or an instance of Buffer, ArrayBuffer, or Array or an Array-like Object. Received undefined
10:45:35 [error]: The first argument must be of type string or an instance of Buffer, ArrayBuffer, or Array or an Array-like Object. Received undefined
10:46:02 [error]: The first argument must be of type string or an instance of Buffer, ArrayBuffer, or Array or an Array-like Object. Received undefined
10:46:25 [error]: The first argument must be of type string or an instance of Buffer, ArrayBuffer, or Array or an Array-like Object. Received undefined
10:48:28 [error]: The first argument must be of type string or an instance of Buffer, ArrayBuffer, or Array or an Array-like Object. Received undefined
10:48:45 [error]: The first argument must be of type string or an instance of Buffer, ArrayBuffer, or Array or an Array-like Object. Received undefined
10:50:00 [error]: Assignment to constant variable.
11:12:47 [error]: address is not defined
11:12:52 [error]: address is not defined
12:31:25 [error]: Cannot read properties of undefined (reading 'personal')
12:32:35 [error]: Returned error: the method personal_lockAccount does not exist/is not available
12:33:29 [error]: Returned error: the method personal_newAccount does not exist/is not available
12:33:42 [error]: Returned error: the method personal_newAccount does not exist/is not available
12:33:48 [error]: Returned error: the method personal_newAccount does not exist/is not available
12:33:53 [error]: Converting circular structure to JSON
    --> starting at object with constructor 'Accounts'
    |     property 'wallet' -> object with constructor 'Wallet'
    --- property '_accounts' closes the circle
12:34:48 [error]: Converting circular structure to JSON
    --> starting at object with constructor 'Accounts'
    |     property 'wallet' -> object with constructor 'Wallet'
    --- property '_accounts' closes the circle
13:43:52 [error]: POST /v2/tx/fd/value 라우터가 없습니다.
13:43:52 [error]: POST /v2/tx/fd/value 라우터가 없습니다.
13:44:10 [error]: Invalid Address
13:44:10 [error]: Invalid address
13:44:52 [error]: Returned error: json:"feePayer" is required for TxTypeFeeDelegatedValueTransfer
13:44:52 [error]: Returned error: json:"feePayer" is required for TxTypeFeeDelegatedValueTransfer
13:46:30 [error]: Returned error: json:"feePayer" is required for TxTypeFeeDelegatedValueTransfer
13:46:30 [error]: Returned error: json:"feePayer" is required for TxTypeFeeDelegatedValueTransfer
13:47:42 [error]: Returned error: json:"feePayer" is required for TxTypeFeeDelegatedValueTransfer
13:47:42 [error]: Returned error: json:"feePayer" is required for TxTypeFeeDelegatedValueTransfer
13:49:52 [error]: Returned error: json:"feePayer" is required for TxTypeFeeDelegatedValueTransfer
13:49:52 [error]: Returned error: json:"feePayer" is required for TxTypeFeeDelegatedValueTransfer
13:53:03 [error]: Returned error: json:"feePayer" is required for TxTypeFeeDelegatedValueTransfer
13:53:03 [error]: Returned error: json:"feePayer" is required for TxTypeFeeDelegatedValueTransfer
13:54:07 [error]: Returned error: json:"feePayer" is required for TxTypeFeeDelegatedValueTransfer
13:54:07 [error]: Returned error: json:"feePayer" is required for TxTypeFeeDelegatedValueTransfer
13:54:08 [error]: Returned error: json:"feePayer" is required for TxTypeFeeDelegatedValueTransfer
13:54:08 [error]: Returned error: json:"feePayer" is required for TxTypeFeeDelegatedValueTransfer
13:54:14 [error]: Returned error: json:"feePayer" is required for TxTypeFeeDelegatedValueTransfer
13:54:14 [error]: Returned error: json:"feePayer" is required for TxTypeFeeDelegatedValueTransfer
13:54:29 [error]: Returned error: json:"feePayer" is required for TxTypeFeeDelegatedValueTransfer
13:54:29 [error]: Returned error: json:"feePayer" is required for TxTypeFeeDelegatedValueTransfer
14:34:31 [error]: GET /v2/tx/fd/value 라우터가 없습니다.
14:34:31 [error]: GET /v2/tx/fd/value 라우터가 없습니다.
14:35:02 [error]: isValidChainId is not defined
15:07:29 [error]: chainId required
15:16:38 [error]: Duplicate Account 0xadc565bb88aa72aa14b98cb6196f216900614b3c. Please use updateKeyring() instead.
15:16:38 [error]: Duplicate Account 0xadc565bb88aa72aa14b98cb6196f216900614b3c. Please use updateKeyring() instead.
15:17:32 [error]: Duplicate Account 0xadc565bb88aa72aa14b98cb6196f216900614b3c. Please use updateKeyring() instead.
15:17:32 [error]: Duplicate Account 0xadc565bb88aa72aa14b98cb6196f216900614b3c. Please use updateKeyring() instead.
15:22:22 [error]: Duplicate Account 0xadc565bb88aa72aa14b98cb6196f216900614b3c. Please use updateKeyring() instead.
15:22:22 [error]: Duplicate Account 0xadc565bb88aa72aa14b98cb6196f216900614b3c. Please use updateKeyring() instead.
15:22:57 [error]: Duplicate Account 0xadc565bb88aa72aa14b98cb6196f216900614b3c. Please use updateKeyring() instead.
15:22:57 [error]: Duplicate Account 0xadc565bb88aa72aa14b98cb6196f216900614b3c. Please use updateKeyring() instead.
15:24:15 [error]: Duplicate Account 0xadc565bb88aa72aa14b98cb6196f216900614b3c. Please use updateKeyring() instead.
15:24:15 [error]: Duplicate Account 0xadc565bb88aa72aa14b98cb6196f216900614b3c. Please use updateKeyring() instead.
15:25:23 [error]: Duplicate Account 0xadc565bb88aa72aa14b98cb6196f216900614b3c. Please use updateKeyring() instead.
15:25:23 [error]: Duplicate Account 0xadc565bb88aa72aa14b98cb6196f216900614b3c. Please use updateKeyring() instead.
15:26:28 [error]: newKeyring is not defined
15:26:28 [error]: newKeyring is not defined
15:27:00 [error]: Duplicate Account 0xadc565bb88aa72aa14b98cb6196f216900614b3c. Please use updateKeyring() instead.
15:27:00 [error]: Duplicate Account 0xadc565bb88aa72aa14b98cb6196f216900614b3c. Please use updateKeyring() instead.
15:27:40 [error]: Duplicate Account 0xadc565bb88aa72aa14b98cb6196f216900614b3c. Please use updateKeyring() instead.
15:27:40 [error]: Duplicate Account 0xadc565bb88aa72aa14b98cb6196f216900614b3c. Please use updateKeyring() instead.
15:29:12 [error]: account is not defined
15:29:12 [error]: account is not defined
15:32:40 [error]: Returned error: unknown account
15:32:40 [error]: Returned error: unknown account
16:37:04 [error]: baobab.kct.kip7.deploy(...).on is not a function
16:37:04 [error]: baobab.kct.kip7.deploy(...).on is not a function
16:37:33 [error]: baobab.kct.kip7.deploy(...).on is not a function
16:37:33 [error]: baobab.kct.kip7.deploy(...).on is not a function
16:37:51 [error]: baobab.kct.kip7.deploy(...).on is not a function
16:37:51 [error]: baobab.kct.kip7.deploy(...).on is not a function
16:38:32 [error]: baobab.kct.kip7.deploy(...).on is not a function
16:38:32 [error]: baobab.kct.kip7.deploy(...).on is not a function
16:48:45 [error]: baobab.kct.kip7.deploy(...).on is not a function
16:48:45 [error]: baobab.kct.kip7.deploy(...).on is not a function
16:49:07 [error]: baobab.kct.kip7.deploy(...).on is not a function
16:49:07 [error]: baobab.kct.kip7.deploy(...).on is not a function
16:49:18 [error]: baobab.kct.kip7.deploy(...).on is not a function
16:49:18 [error]: baobab.kct.kip7.deploy(...).on is not a function
